#
# There is insufficient memory for the Java Runtime Environment to continue.
# Native memory allocation (malloc) failed to allocate 694656 bytes for Chunk::new
# Possible reasons:
#   The system is out of physical RAM or swap space
#   The process is running with CompressedOops enabled, and the Java Heap may be blocking the growth of the native heap
# Possible solutions:
#   Reduce memory load on the system
#   Increase physical memory or swap space
#   Check if swap backing store is full
#   Decrease Java heap size (-Xmx/-Xms)
#   Decrease number of Java threads
#   Decrease Java thread stack sizes (-Xss)
#   Set larger code cache with -XX:ReservedCodeCacheSize=
#   JVM is running with Unscaled Compressed Oops mode in which the Java heap is
#     placed in the first 4GB address space. The Java Heap base address is the
#     maximum limit for the native heap growth. Please use -XX:HeapBaseMinAddress
#     to set the Java Heap base and to place the Java Heap above 4GB virtual address.
# This output file may be truncated or incomplete.
#
#  Out of Memory Error (./src/hotspot/share/memory/arena.cpp:197), pid=20256, tid=10572
#
# JRE version: OpenJDK Runtime Environment (11.0.10) (build 11.0.10+0-b96-7249189)
# Java VM: OpenJDK 64-Bit Server VM (11.0.10+0-b96-7249189, mixed mode, tiered, compressed oops, g1 gc, windows-amd64)
# No core dump will be written. Minidumps are not enabled by default on client versions of Windows
#

---------------  S U M M A R Y ------------

Command Line: --add-opens=java.base/java.util=ALL-UNNAMED --add-opens=java.base/java.lang=ALL-UNNAMED --add-opens=java.base/java.lang.invoke=ALL-UNNAMED --add-opens=java.prefs/java.util.prefs=ALL-UNNAMED -Xmx1536M -Dfile.encoding=windows-1252 -Duser.country=FR -Duser.language=fr -Duser.variant org.gradle.launcher.daemon.bootstrap.GradleDaemon 6.7

Host: Intel(R) Core(TM) i7-8565U CPU @ 1.80GHz, 8 cores, 11G,  Windows 10 , 64 bit Build 22000 (10.0.22000.434)
Time: Sun May  1 15:04:01 2022 Afr. centrale Ouest elapsed time: 5.564064 seconds (0d 0h 0m 5s)

---------------  T H R E A D  ---------------

Current thread (0x00000188b4e7e000):  JavaThread "C2 CompilerThread0" daemon [_thread_in_native, id=10572, stack(0x0000002ab2600000,0x0000002ab2700000)]


Current CompileTask:
C2:   5564 2250   !   4       java.net.URL::<init> (543 bytes)

Stack: [0x0000002ab2600000,0x0000002ab2700000]
Native frames: (J=compiled Java code, j=interpreted, Vv=VM code, C=native code)
V  [jvm.dll+0x5ecfaa]
V  [jvm.dll+0x722bd5]
V  [jvm.dll+0x72412d]
V  [jvm.dll+0x7247e3]
V  [jvm.dll+0x242928]
V  [jvm.dll+0xbc4fc]
V  [jvm.dll+0xbca0c]
V  [jvm.dll+0x2b4fd4]
V  [jvm.dll+0x506028]
V  [jvm.dll+0x203253]
V  [jvm.dll+0x1fd07c]
V  [jvm.dll+0x1fa77f]
V  [jvm.dll+0x18354c]
V  [jvm.dll+0x208ee7]
V  [jvm.dll+0x207731]
V  [jvm.dll+0x6eb1cf]
V  [jvm.dll+0x6e3d45]
V  [jvm.dll+0x5ebe96]
C  [ucrtbase.dll+0x26c0c]
C  [KERNEL32.DLL+0x154e0]
C  [ntdll.dll+0x485b]


---------------  P R O C E S S  ---------------

Threads class SMR info:
_java_thread_list=0x00000188b8794b60, length=28, elements={
0x000001889b44f800, 0x00000188b4e23800, 0x00000188b4e31000, 0x00000188b4e75800,
0x00000188b4e76800, 0x00000188b4e78800, 0x00000188b4e7e000, 0x00000188b4e7f000,
0x00000188b4e80000, 0x00000188b4fc6800, 0x00000188b782a000, 0x00000188b5dc8000,
0x00000188b846e800, 0x00000188b72f6800, 0x00000188b75dc800, 0x00000188b71b9000,
0x00000188b70a3000, 0x00000188b70a3800, 0x00000188b7aa3800, 0x00000188b7aa2000,
0x00000188b7aa3000, 0x00000188b7aa4800, 0x00000188b7aa5800, 0x00000188b7a9f800,
0x00000188b7aa6000, 0x00000188b7aa0800, 0x00000188b7aa1800, 0x00000188b887b800
}

Java Threads: ( => current thread )
  0x000001889b44f800 JavaThread "main" [_thread_blocked, id=17776, stack(0x0000002ab1a00000,0x0000002ab1b00000)]
  0x00000188b4e23800 JavaThread "Reference Handler" daemon [_thread_blocked, id=15480, stack(0x0000002ab2100000,0x0000002ab2200000)]
  0x00000188b4e31000 JavaThread "Finalizer" daemon [_thread_blocked, id=1852, stack(0x0000002ab2200000,0x0000002ab2300000)]
  0x00000188b4e75800 JavaThread "Signal Dispatcher" daemon [_thread_blocked, id=3160, stack(0x0000002ab2300000,0x0000002ab2400000)]
  0x00000188b4e76800 JavaThread "Attach Listener" daemon [_thread_blocked, id=17320, stack(0x0000002ab2400000,0x0000002ab2500000)]
  0x00000188b4e78800 JavaThread "Service Thread" daemon [_thread_blocked, id=7100, stack(0x0000002ab2500000,0x0000002ab2600000)]
=>0x00000188b4e7e000 JavaThread "C2 CompilerThread0" daemon [_thread_in_native, id=10572, stack(0x0000002ab2600000,0x0000002ab2700000)]
  0x00000188b4e7f000 JavaThread "C1 CompilerThread0" daemon [_thread_blocked, id=1576, stack(0x0000002ab2700000,0x0000002ab2800000)]
  0x00000188b4e80000 JavaThread "Sweeper thread" daemon [_thread_blocked, id=20952, stack(0x0000002ab2800000,0x0000002ab2900000)]
  0x00000188b4fc6800 JavaThread "Common-Cleaner" daemon [_thread_blocked, id=16884, stack(0x0000002ab2900000,0x0000002ab2a00000)]
  0x00000188b782a000 JavaThread "Daemon health stats" [_thread_blocked, id=6428, stack(0x0000002ab2f00000,0x0000002ab3000000)]
  0x00000188b5dc8000 JavaThread "Incoming local TCP Connector on port 54801" [_thread_in_native, id=12256, stack(0x0000002ab3100000,0x0000002ab3200000)]
  0x00000188b846e800 JavaThread "Daemon periodic checks" [_thread_blocked, id=18536, stack(0x0000002ab3200000,0x0000002ab3300000)]
  0x00000188b72f6800 JavaThread "Daemon" [_thread_blocked, id=20048, stack(0x0000002ab3300000,0x0000002ab3400000)]
  0x00000188b75dc800 JavaThread "Handler for socket connection from /127.0.0.1:54801 to /127.0.0.1:54802" [_thread_in_native, id=12180, stack(0x0000002ab3400000,0x0000002ab3500000)]
  0x00000188b71b9000 JavaThread "Cancel handler" [_thread_blocked, id=18644, stack(0x0000002ab3500000,0x0000002ab3600000)]
  0x00000188b70a3000 JavaThread "Daemon worker" [_thread_blocked, id=12420, stack(0x0000002ab3600000,0x0000002ab3700000)]
  0x00000188b70a3800 JavaThread "Asynchronous log dispatcher for DefaultDaemonConnection: socket connection from /127.0.0.1:54801 to /127.0.0.1:54802" [_thread_blocked, id=12896, stack(0x0000002ab3700000,0x0000002ab3800000)]
  0x00000188b7aa3800 JavaThread "Stdin handler" [_thread_blocked, id=11544, stack(0x0000002ab3800000,0x0000002ab3900000)]
  0x00000188b7aa2000 JavaThread "Thread-8" [_thread_blocked, id=10596, stack(0x0000002ab3900000,0x0000002ab3a00000)]
  0x00000188b7aa3000 JavaThread "Cache worker for file hash cache (C:\Users\hp\.gradle\caches\6.7\fileHashes)" [_thread_blocked, id=11884, stack(0x0000002ab3a00000,0x0000002ab3b00000)]
  0x00000188b7aa4800 JavaThread "File lock request listener" [_thread_in_native, id=15928, stack(0x0000002ab3b00000,0x0000002ab3c00000)]
  0x00000188b7aa5800 JavaThread "Cache worker for journal cache (C:\Users\hp\.gradle\caches\journal-1)" [_thread_blocked, id=15616, stack(0x0000002ab3c00000,0x0000002ab3d00000)]
  0x00000188b7a9f800 JavaThread "Cache worker for file hash cache (C:\Users\hp\AndroidStudioProjects\Guitarista-master\android\.gradle\6.7\fileHashes)" [_thread_blocked, id=2292, stack(0x0000002ab4200000,0x0000002ab4300000)]
  0x00000188b7aa6000 JavaThread "Cache worker for checksums cache (C:\Users\hp\AndroidStudioProjects\Guitarista-master\android\.gradle\checksums)" [_thread_blocked, id=6052, stack(0x0000002ab4300000,0x0000002ab4400000)]
  0x00000188b7aa0800 JavaThread "Cache worker for cache directory md-supplier (C:\Users\hp\.gradle\caches\6.7\md-supplier)" [_thread_blocked, id=9716, stack(0x0000002ab4400000,0x0000002ab4500000)]
  0x00000188b7aa1800 JavaThread "Cache worker for cache directory md-rule (C:\Users\hp\.gradle\caches\6.7\md-rule)" [_thread_blocked, id=17292, stack(0x0000002ab4500000,0x0000002ab4600000)]
  0x00000188b887b800 JavaThread "Cache worker for execution history cache (C:\Users\hp\.gradle\caches\6.7\executionHistory)" [_thread_blocked, id=19612, stack(0x0000002ab4600000,0x0000002ab4700000)]

Other Threads:
  0x00000188b45ce000 VMThread "VM Thread" [stack: 0x0000002ab2000000,0x0000002ab2100000] [id=16660]
  0x00000188b4ffb000 WatcherThread [stack: 0x0000002ab2a00000,0x0000002ab2b00000] [id=15936]
  0x000001889b467000 GCTaskThread "GC Thread#0" [stack: 0x0000002ab1b00000,0x0000002ab1c00000] [id=7820]
  0x00000188b5c46000 GCTaskThread "GC Thread#1" [stack: 0x0000002ab2c00000,0x0000002ab2d00000] [id=10300]
  0x00000188b5d37800 GCTaskThread "GC Thread#2" [stack: 0x0000002ab2d00000,0x0000002ab2e00000] [id=20124]
  0x00000188b5842000 GCTaskThread "GC Thread#3" [stack: 0x0000002ab2e00000,0x0000002ab2f00000] [id=4032]
  0x00000188b5c45800 GCTaskThread "GC Thread#4" [stack: 0x0000002ab3d00000,0x0000002ab3e00000] [id=19564]
  0x00000188b66e4800 GCTaskThread "GC Thread#5" [stack: 0x0000002ab3e00000,0x0000002ab3f00000] [id=17388]
  0x00000188b7a47000 GCTaskThread "GC Thread#6" [stack: 0x0000002ab3f00000,0x0000002ab4000000] [id=16888]
  0x00000188b7ef5800 GCTaskThread "GC Thread#7" [stack: 0x0000002ab4000000,0x0000002ab4100000] [id=9340]
  0x000001889b48f000 ConcurrentGCThread "G1 Main Marker" [stack: 0x0000002ab1c00000,0x0000002ab1d00000] [id=20508]
  0x000001889b491800 ConcurrentGCThread "G1 Conc#0" [stack: 0x0000002ab1d00000,0x0000002ab1e00000] [id=16316]
  0x00000188b7296800 ConcurrentGCThread "G1 Conc#1" [stack: 0x0000002ab4100000,0x0000002ab4200000] [id=15788]
  0x00000188b4438800 ConcurrentGCThread "G1 Refine#0" [stack: 0x0000002ab1e00000,0x0000002ab1f00000] [id=4520]
  0x00000188b4439800 ConcurrentGCThread "G1 Young RemSet Sampling" [stack: 0x0000002ab1f00000,0x0000002ab2000000] [id=12260]

Threads with active compile tasks:
C2 CompilerThread0   5701 2250   !   4       java.net.URL::<init> (543 bytes)

VM state:at safepoint (normal execution)

VM Mutex/Monitor currently owned by a thread:  ([mutex/lock_event])
[0x000001889b44c430] Threads_lock - owner thread: 0x00000188b45ce000
[0x000001889b44b7d0] Heap_lock - owner thread: 0x00000188b70a3000

Heap address: 0x00000000a0000000, size: 1536 MB, Compressed Oops mode: 32-bit
Narrow klass base: 0x0000000000000000, Narrow klass shift: 3
Compressed class space size: 1073741824 Address: 0x0000000100000000

Heap:
 garbage-first heap   total 194560K, used 18503K [0x00000000a0000000, 0x0000000100000000)
  region size 1024K, 3 young (3072K), 3 survivors (3072K)
 Metaspace       used 27864K, capacity 28467K, committed 28544K, reserved 1081344K
  class space    used 3688K, capacity 3910K, committed 3968K, reserved 1048576K
Heap Regions: E=young(eden), S=young(survivor), O=old, HS=humongous(starts), HC=humongous(continues), CS=collection set, F=free, A=archive, TAMS=top-at-mark-start (previous, next)
|   0|0x00000000a0000000, 0x00000000a0100000, 0x00000000a0100000|100%| O|  |TAMS 0x00000000a0000000, 0x00000000a0100000| Untracked 
|   1|0x00000000a0100000, 0x00000000a0200000, 0x00000000a0200000|100%| O|  |TAMS 0x00000000a0100000, 0x00000000a0200000| Untracked 
|   2|0x00000000a0200000, 0x00000000a0300000, 0x00000000a0300000|100%| O|  |TAMS 0x00000000a0200000, 0x00000000a0300000| Untracked 
|   3|0x00000000a0300000, 0x00000000a0400000, 0x00000000a0400000|100%|HS|  |TAMS 0x00000000a0400000, 0x00000000a0400000| Complete 
|   4|0x00000000a0400000, 0x00000000a0500000, 0x00000000a0500000|100%|HC|  |TAMS 0x00000000a0500000, 0x00000000a0500000| Complete 
|   5|0x00000000a0500000, 0x00000000a0600000, 0x00000000a0600000|100%|HC|  |TAMS 0x00000000a0600000, 0x00000000a0600000| Complete 
|   6|0x00000000a0600000, 0x00000000a0700000, 0x00000000a0700000|100%| O|  |TAMS 0x00000000a0700000, 0x00000000a0700000| Untracked 
|   7|0x00000000a0700000, 0x00000000a0800000, 0x00000000a0800000|100%| O|  |TAMS 0x00000000a0800000, 0x00000000a0800000| Untracked 
|   8|0x00000000a0800000, 0x00000000a0900000, 0x00000000a0900000|100%| O|  |TAMS 0x00000000a087ac00, 0x00000000a0900000| Untracked 
|   9|0x00000000a0900000, 0x00000000a0a00000, 0x00000000a0a00000|100%| O|  |TAMS 0x00000000a0900000, 0x00000000a0a00000| Untracked 
|  10|0x00000000a0a00000, 0x00000000a0b00000, 0x00000000a0b00000|100%| O|  |TAMS 0x00000000a0a00000, 0x00000000a0b00000| Untracked 
|  11|0x00000000a0b00000, 0x00000000a0c00000, 0x00000000a0c00000|100%| O|  |TAMS 0x00000000a0b00000, 0x00000000a0c00000| Untracked 
|  12|0x00000000a0c00000, 0x00000000a0d00000, 0x00000000a0d00000|100%| O|  |TAMS 0x00000000a0c00000, 0x00000000a0d00000| Untracked 
|  13|0x00000000a0d00000, 0x00000000a0e00000, 0x00000000a0e00000|100%| O|  |TAMS 0x00000000a0d00000, 0x00000000a0e00000| Untracked 
|  14|0x00000000a0e00000, 0x00000000a0f00000, 0x00000000a0f00000|100%| O|  |TAMS 0x00000000a0e00000, 0x00000000a0f00000| Untracked 
|  15|0x00000000a0f00000, 0x00000000a0f61400, 0x00000000a1000000| 37%| O|  |TAMS 0x00000000a0f00000, 0x00000000a0f61400| Untracked 
|  16|0x00000000a1000000, 0x00000000a1000000, 0x00000000a1100000|  0%| F|  |TAMS 0x00000000a1000000, 0x00000000a1000000| Untracked 
|  17|0x00000000a1100000, 0x00000000a1100000, 0x00000000a1200000|  0%| F|  |TAMS 0x00000000a1100000, 0x00000000a1100000| Untracked 
|  18|0x00000000a1200000, 0x00000000a1200000, 0x00000000a1300000|  0%| F|  |TAMS 0x00000000a1200000, 0x00000000a1200000| Untracked 
|  19|0x00000000a1300000, 0x00000000a1300000, 0x00000000a1400000|  0%| F|  |TAMS 0x00000000a1300000, 0x00000000a1300000| Untracked 
|  20|0x00000000a1400000, 0x00000000a1400000, 0x00000000a1500000|  0%| F|  |TAMS 0x00000000a1400000, 0x00000000a1400000| Untracked 
|  21|0x00000000a1500000, 0x00000000a1500000, 0x00000000a1600000|  0%| F|  |TAMS 0x00000000a1500000, 0x00000000a1500000| Untracked 
|  22|0x00000000a1600000, 0x00000000a1600000, 0x00000000a1700000|  0%| F|  |TAMS 0x00000000a1600000, 0x00000000a1600000| Untracked 
|  23|0x00000000a1700000, 0x00000000a1700000, 0x00000000a1800000|  0%| F|  |TAMS 0x00000000a1700000, 0x00000000a1700000| Untracked 
|  24|0x00000000a1800000, 0x00000000a1800000, 0x00000000a1900000|  0%| F|  |TAMS 0x00000000a1800000, 0x00000000a1800000| Untracked 
|  25|0x00000000a1900000, 0x00000000a1900000, 0x00000000a1a00000|  0%| F|  |TAMS 0x00000000a1900000, 0x00000000a1900000| Untracked 
|  26|0x00000000a1a00000, 0x00000000a1a00000, 0x00000000a1b00000|  0%| F|  |TAMS 0x00000000a1a00000, 0x00000000a1a00000| Untracked 
|  27|0x00000000a1b00000, 0x00000000a1b00000, 0x00000000a1c00000|  0%| F|  |TAMS 0x00000000a1b00000, 0x00000000a1b00000| Untracked 
|  28|0x00000000a1c00000, 0x00000000a1c00000, 0x00000000a1d00000|  0%| F|  |TAMS 0x00000000a1c00000, 0x00000000a1c00000| Untracked 
|  29|0x00000000a1d00000, 0x00000000a1d00000, 0x00000000a1e00000|  0%| F|  |TAMS 0x00000000a1d00000, 0x00000000a1d00000| Untracked 
|  30|0x00000000a1e00000, 0x00000000a1e00000, 0x00000000a1f00000|  0%| F|  |TAMS 0x00000000a1e00000, 0x00000000a1e00000| Untracked 
|  31|0x00000000a1f00000, 0x00000000a1f00000, 0x00000000a2000000|  0%| F|  |TAMS 0x00000000a1f00000, 0x00000000a1f00000| Untracked 
|  32|0x00000000a2000000, 0x00000000a2000000, 0x00000000a2100000|  0%| F|  |TAMS 0x00000000a2000000, 0x00000000a2000000| Untracked 
|  33|0x00000000a2100000, 0x00000000a2100000, 0x00000000a2200000|  0%| F|  |TAMS 0x00000000a2100000, 0x00000000a2100000| Untracked 
|  34|0x00000000a2200000, 0x00000000a2200000, 0x00000000a2300000|  0%| F|  |TAMS 0x00000000a2200000, 0x00000000a2200000| Untracked 
|  35|0x00000000a2300000, 0x00000000a2300000, 0x00000000a2400000|  0%| F|  |TAMS 0x00000000a2300000, 0x00000000a2300000| Untracked 
|  36|0x00000000a2400000, 0x00000000a2400000, 0x00000000a2500000|  0%| F|  |TAMS 0x00000000a2400000, 0x00000000a2400000| Untracked 
|  37|0x00000000a2500000, 0x00000000a2500000, 0x00000000a2600000|  0%| F|  |TAMS 0x00000000a2500000, 0x00000000a2500000| Untracked 
|  38|0x00000000a2600000, 0x00000000a2600000, 0x00000000a2700000|  0%| F|  |TAMS 0x00000000a2600000, 0x00000000a2600000| Untracked 
|  39|0x00000000a2700000, 0x00000000a2700000, 0x00000000a2800000|  0%| F|  |TAMS 0x00000000a2700000, 0x00000000a2700000| Untracked 
|  40|0x00000000a2800000, 0x00000000a2800000, 0x00000000a2900000|  0%| F|  |TAMS 0x00000000a2800000, 0x00000000a2800000| Untracked 
|  41|0x00000000a2900000, 0x00000000a2900000, 0x00000000a2a00000|  0%| F|  |TAMS 0x00000000a2900000, 0x00000000a2900000| Untracked 
|  42|0x00000000a2a00000, 0x00000000a2a00000, 0x00000000a2b00000|  0%| F|  |TAMS 0x00000000a2a00000, 0x00000000a2a00000| Untracked 
|  43|0x00000000a2b00000, 0x00000000a2b00000, 0x00000000a2c00000|  0%| F|  |TAMS 0x00000000a2b00000, 0x00000000a2b00000| Untracked 
|  44|0x00000000a2c00000, 0x00000000a2c00000, 0x00000000a2d00000|  0%| F|  |TAMS 0x00000000a2c00000, 0x00000000a2c00000| Untracked 
|  45|0x00000000a2d00000, 0x00000000a2d00000, 0x00000000a2e00000|  0%| F|  |TAMS 0x00000000a2d00000, 0x00000000a2d00000| Untracked 
|  46|0x00000000a2e00000, 0x00000000a2e00000, 0x00000000a2f00000|  0%| F|  |TAMS 0x00000000a2e00000, 0x00000000a2e00000| Untracked 
|  47|0x00000000a2f00000, 0x00000000a2f00000, 0x00000000a3000000|  0%| F|  |TAMS 0x00000000a2f00000, 0x00000000a2f00000| Untracked 
|  48|0x00000000a3000000, 0x00000000a3000000, 0x00000000a3100000|  0%| F|  |TAMS 0x00000000a3000000, 0x00000000a3000000| Untracked 
|  49|0x00000000a3100000, 0x00000000a3100000, 0x00000000a3200000|  0%| F|  |TAMS 0x00000000a3100000, 0x00000000a3100000| Untracked 
|  50|0x00000000a3200000, 0x00000000a3200000, 0x00000000a3300000|  0%| F|  |TAMS 0x00000000a3200000, 0x00000000a3200000| Untracked 
|  51|0x00000000a3300000, 0x00000000a3300000, 0x00000000a3400000|  0%| F|  |TAMS 0x00000000a3300000, 0x00000000a3300000| Untracked 
|  52|0x00000000a3400000, 0x00000000a3400000, 0x00000000a3500000|  0%| F|  |TAMS 0x00000000a3400000, 0x00000000a3400000| Untracked 
|  53|0x00000000a3500000, 0x00000000a3500000, 0x00000000a3600000|  0%| F|  |TAMS 0x00000000a3500000, 0x00000000a3500000| Untracked 
|  54|0x00000000a3600000, 0x00000000a3600000, 0x00000000a3700000|  0%| F|  |TAMS 0x00000000a3600000, 0x00000000a3600000| Untracked 
|  55|0x00000000a3700000, 0x00000000a3700000, 0x00000000a3800000|  0%| F|  |TAMS 0x00000000a3700000, 0x00000000a3700000| Untracked 
|  56|0x00000000a3800000, 0x00000000a3800000, 0x00000000a3900000|  0%| F|  |TAMS 0x00000000a3800000, 0x00000000a3800000| Untracked 
|  57|0x00000000a3900000, 0x00000000a3900000, 0x00000000a3a00000|  0%| F|  |TAMS 0x00000000a3900000, 0x00000000a3900000| Untracked 
|  58|0x00000000a3a00000, 0x00000000a3a00000, 0x00000000a3b00000|  0%| F|  |TAMS 0x00000000a3a00000, 0x00000000a3a00000| Untracked 
|  59|0x00000000a3b00000, 0x00000000a3b00000, 0x00000000a3c00000|  0%| F|  |TAMS 0x00000000a3b00000, 0x00000000a3b00000| Untracked 
|  60|0x00000000a3c00000, 0x00000000a3c00000, 0x00000000a3d00000|  0%| F|  |TAMS 0x00000000a3c00000, 0x00000000a3c00000| Untracked 
|  61|0x00000000a3d00000, 0x00000000a3d00000, 0x00000000a3e00000|  0%| F|  |TAMS 0x00000000a3d00000, 0x00000000a3d00000| Untracked 
|  62|0x00000000a3e00000, 0x00000000a3e00000, 0x00000000a3f00000|  0%| F|  |TAMS 0x00000000a3e00000, 0x00000000a3e00000| Untracked 
|  63|0x00000000a3f00000, 0x00000000a3f00000, 0x00000000a4000000|  0%| F|  |TAMS 0x00000000a3f00000, 0x00000000a3f00000| Untracked 
|  64|0x00000000a4000000, 0x00000000a4000000, 0x00000000a4100000|  0%| F|  |TAMS 0x00000000a4000000, 0x00000000a4000000| Untracked 
|  65|0x00000000a4100000, 0x00000000a4100000, 0x00000000a4200000|  0%| F|  |TAMS 0x00000000a4100000, 0x00000000a4100000| Untracked 
|  66|0x00000000a4200000, 0x00000000a4200000, 0x00000000a4300000|  0%| F|  |TAMS 0x00000000a4200000, 0x00000000a4200000| Untracked 
|  67|0x00000000a4300000, 0x00000000a4300000, 0x00000000a4400000|  0%| F|  |TAMS 0x00000000a4300000, 0x00000000a4300000| Untracked 
|  68|0x00000000a4400000, 0x00000000a4400000, 0x00000000a4500000|  0%| F|  |TAMS 0x00000000a4400000, 0x00000000a4400000| Untracked 
|  69|0x00000000a4500000, 0x00000000a4500000, 0x00000000a4600000|  0%| F|  |TAMS 0x00000000a4500000, 0x00000000a4500000| Untracked 
|  70|0x00000000a4600000, 0x00000000a4600000, 0x00000000a4700000|  0%| F|  |TAMS 0x00000000a4600000, 0x00000000a4600000| Untracked 
|  71|0x00000000a4700000, 0x00000000a4700000, 0x00000000a4800000|  0%| F|  |TAMS 0x00000000a4700000, 0x00000000a4700000| Untracked 
|  72|0x00000000a4800000, 0x00000000a4800000, 0x00000000a4900000|  0%| F|  |TAMS 0x00000000a4800000, 0x00000000a4800000| Untracked 
|  73|0x00000000a4900000, 0x00000000a4900000, 0x00000000a4a00000|  0%| F|  |TAMS 0x00000000a4900000, 0x00000000a4900000| Untracked 
|  74|0x00000000a4a00000, 0x00000000a4a00000, 0x00000000a4b00000|  0%| F|  |TAMS 0x00000000a4a00000, 0x00000000a4a00000| Untracked 
|  75|0x00000000a4b00000, 0x00000000a4b00000, 0x00000000a4c00000|  0%| F|  |TAMS 0x00000000a4b00000, 0x00000000a4b00000| Untracked 
|  76|0x00000000a4c00000, 0x00000000a4c00000, 0x00000000a4d00000|  0%| F|  |TAMS 0x00000000a4c00000, 0x00000000a4c00000| Untracked 
|  77|0x00000000a4d00000, 0x00000000a4d00000, 0x00000000a4e00000|  0%| F|  |TAMS 0x00000000a4d00000, 0x00000000a4d00000| Untracked 
|  78|0x00000000a4e00000, 0x00000000a4e00000, 0x00000000a4f00000|  0%| F|  |TAMS 0x00000000a4e00000, 0x00000000a4e00000| Untracked 
|  79|0x00000000a4f00000, 0x00000000a4f00000, 0x00000000a5000000|  0%| F|  |TAMS 0x00000000a4f00000, 0x00000000a4f00000| Untracked 
|  80|0x00000000a5000000, 0x00000000a5000000, 0x00000000a5100000|  0%| F|  |TAMS 0x00000000a5000000, 0x00000000a5000000| Untracked 
|  81|0x00000000a5100000, 0x00000000a5100000, 0x00000000a5200000|  0%| F|  |TAMS 0x00000000a5100000, 0x00000000a5100000| Untracked 
|  82|0x00000000a5200000, 0x00000000a5200000, 0x00000000a5300000|  0%| F|  |TAMS 0x00000000a5200000, 0x00000000a5200000| Untracked 
|  83|0x00000000a5300000, 0x00000000a5300000, 0x00000000a5400000|  0%| F|  |TAMS 0x00000000a5300000, 0x00000000a5300000| Untracked 
|  84|0x00000000a5400000, 0x00000000a5400000, 0x00000000a5500000|  0%| F|  |TAMS 0x00000000a5400000, 0x00000000a5400000| Untracked 
|  85|0x00000000a5500000, 0x00000000a5500000, 0x00000000a5600000|  0%| F|  |TAMS 0x00000000a5500000, 0x00000000a5500000| Untracked 
|  86|0x00000000a5600000, 0x00000000a5600000, 0x00000000a5700000|  0%| F|  |TAMS 0x00000000a5600000, 0x00000000a5600000| Untracked 
|  87|0x00000000a5700000, 0x00000000a5700000, 0x00000000a5800000|  0%| F|  |TAMS 0x00000000a5700000, 0x00000000a5700000| Untracked 
|  88|0x00000000a5800000, 0x00000000a5800000, 0x00000000a5900000|  0%| F|  |TAMS 0x00000000a5800000, 0x00000000a5800000| Untracked 
|  89|0x00000000a5900000, 0x00000000a5900000, 0x00000000a5a00000|  0%| F|  |TAMS 0x00000000a5900000, 0x00000000a5900000| Untracked 
|  90|0x00000000a5a00000, 0x00000000a5a00000, 0x00000000a5b00000|  0%| F|  |TAMS 0x00000000a5a00000, 0x00000000a5a00000| Untracked 
|  91|0x00000000a5b00000, 0x00000000a5b00000, 0x00000000a5c00000|  0%| F|  |TAMS 0x00000000a5b00000, 0x00000000a5b00000| Untracked 
|  92|0x00000000a5c00000, 0x00000000a5c00000, 0x00000000a5d00000|  0%| F|  |TAMS 0x00000000a5c00000, 0x00000000a5c00000| Untracked 
|  93|0x00000000a5d00000, 0x00000000a5d00000, 0x00000000a5e00000|  0%| F|  |TAMS 0x00000000a5d00000, 0x00000000a5d00000| Untracked 
|  94|0x00000000a5e00000, 0x00000000a5e00000, 0x00000000a5f00000|  0%| F|  |TAMS 0x00000000a5e00000, 0x00000000a5e00000| Untracked 
|  95|0x00000000a5f00000, 0x00000000a5f00000, 0x00000000a6000000|  0%| F|  |TAMS 0x00000000a5f00000, 0x00000000a5f00000| Untracked 
|  96|0x00000000a6000000, 0x00000000a6000000, 0x00000000a6100000|  0%| F|  |TAMS 0x00000000a6000000, 0x00000000a6000000| Untracked 
|  97|0x00000000a6100000, 0x00000000a6100000, 0x00000000a6200000|  0%| F|  |TAMS 0x00000000a6100000, 0x00000000a6100000| Untracked 
|  98|0x00000000a6200000, 0x00000000a6200000, 0x00000000a6300000|  0%| F|  |TAMS 0x00000000a6200000, 0x00000000a6200000| Untracked 
|  99|0x00000000a6300000, 0x00000000a6300000, 0x00000000a6400000|  0%| F|  |TAMS 0x00000000a6300000, 0x00000000a6300000| Untracked 
| 100|0x00000000a6400000, 0x00000000a6400000, 0x00000000a6500000|  0%| F|  |TAMS 0x00000000a6400000, 0x00000000a6400000| Untracked 
| 101|0x00000000a6500000, 0x00000000a6500000, 0x00000000a6600000|  0%| F|  |TAMS 0x00000000a6500000, 0x00000000a6500000| Untracked 
| 102|0x00000000a6600000, 0x00000000a6600000, 0x00000000a6700000|  0%| F|  |TAMS 0x00000000a6600000, 0x00000000a6600000| Untracked 
| 103|0x00000000a6700000, 0x00000000a6700000, 0x00000000a6800000|  0%| F|  |TAMS 0x00000000a6700000, 0x00000000a6700000| Untracked 
| 104|0x00000000a6800000, 0x00000000a6800000, 0x00000000a6900000|  0%| F|  |TAMS 0x00000000a6800000, 0x00000000a6800000| Untracked 
| 105|0x00000000a6900000, 0x00000000a6900000, 0x00000000a6a00000|  0%| F|  |TAMS 0x00000000a6900000, 0x00000000a6900000| Untracked 
| 106|0x00000000a6a00000, 0x00000000a6a00000, 0x00000000a6b00000|  0%| F|  |TAMS 0x00000000a6a00000, 0x00000000a6a00000| Untracked 
| 107|0x00000000a6b00000, 0x00000000a6b00000, 0x00000000a6c00000|  0%| F|  |TAMS 0x00000000a6b00000, 0x00000000a6b00000| Untracked 
| 108|0x00000000a6c00000, 0x00000000a6c00000, 0x00000000a6d00000|  0%| F|  |TAMS 0x00000000a6c00000, 0x00000000a6c00000| Untracked 
| 109|0x00000000a6d00000, 0x00000000a6d00000, 0x00000000a6e00000|  0%| F|  |TAMS 0x00000000a6d00000, 0x00000000a6d00000| Untracked 
| 110|0x00000000a6e00000, 0x00000000a6e00000, 0x00000000a6f00000|  0%| F|  |TAMS 0x00000000a6e00000, 0x00000000a6e00000| Untracked 
| 111|0x00000000a6f00000, 0x00000000a6f00000, 0x00000000a7000000|  0%| F|  |TAMS 0x00000000a6f00000, 0x00000000a6f00000| Untracked 
| 112|0x00000000a7000000, 0x00000000a7000000, 0x00000000a7100000|  0%| F|  |TAMS 0x00000000a7000000, 0x00000000a7000000| Untracked 
| 113|0x00000000a7100000, 0x00000000a7100000, 0x00000000a7200000|  0%| F|  |TAMS 0x00000000a7100000, 0x00000000a7100000| Untracked 
| 114|0x00000000a7200000, 0x00000000a7200000, 0x00000000a7300000|  0%| F|  |TAMS 0x00000000a7200000, 0x00000000a7200000| Untracked 
| 115|0x00000000a7300000, 0x00000000a7300000, 0x00000000a7400000|  0%| F|  |TAMS 0x00000000a7300000, 0x00000000a7300000| Untracked 
| 116|0x00000000a7400000, 0x00000000a7400000, 0x00000000a7500000|  0%| F|  |TAMS 0x00000000a7400000, 0x00000000a7400000| Untracked 
| 117|0x00000000a7500000, 0x00000000a7500000, 0x00000000a7600000|  0%| F|  |TAMS 0x00000000a7500000, 0x00000000a7500000| Untracked 
| 118|0x00000000a7600000, 0x00000000a7600000, 0x00000000a7700000|  0%| F|  |TAMS 0x00000000a7600000, 0x00000000a7600000| Untracked 
| 119|0x00000000a7700000, 0x00000000a7700000, 0x00000000a7800000|  0%| F|  |TAMS 0x00000000a7700000, 0x00000000a7700000| Untracked 
| 120|0x00000000a7800000, 0x00000000a7800000, 0x00000000a7900000|  0%| F|  |TAMS 0x00000000a7800000, 0x00000000a7800000| Untracked 
| 121|0x00000000a7900000, 0x00000000a7900000, 0x00000000a7a00000|  0%| F|  |TAMS 0x00000000a7900000, 0x00000000a7900000| Untracked 
| 122|0x00000000a7a00000, 0x00000000a7a00000, 0x00000000a7b00000|  0%| F|  |TAMS 0x00000000a7a00000, 0x00000000a7a00000| Untracked 
| 123|0x00000000a7b00000, 0x00000000a7b00000, 0x00000000a7c00000|  0%| F|  |TAMS 0x00000000a7b00000, 0x00000000a7b00000| Untracked 
| 124|0x00000000a7c00000, 0x00000000a7c00000, 0x00000000a7d00000|  0%| F|  |TAMS 0x00000000a7c00000, 0x00000000a7c00000| Untracked 
| 125|0x00000000a7d00000, 0x00000000a7d00000, 0x00000000a7e00000|  0%| F|  |TAMS 0x00000000a7d00000, 0x00000000a7d00000| Untracked 
| 126|0x00000000a7e00000, 0x00000000a7e00000, 0x00000000a7f00000|  0%| F|  |TAMS 0x00000000a7e00000, 0x00000000a7e00000| Untracked 
| 127|0x00000000a7f00000, 0x00000000a7f00000, 0x00000000a8000000|  0%| F|  |TAMS 0x00000000a7f00000, 0x00000000a7f00000| Untracked 
| 128|0x00000000a8000000, 0x00000000a8000000, 0x00000000a8100000|  0%| F|  |TAMS 0x00000000a8000000, 0x00000000a8000000| Untracked 
| 129|0x00000000a8100000, 0x00000000a8100000, 0x00000000a8200000|  0%| F|  |TAMS 0x00000000a8100000, 0x00000000a8100000| Untracked 
| 130|0x00000000a8200000, 0x00000000a8200000, 0x00000000a8300000|  0%| F|  |TAMS 0x00000000a8200000, 0x00000000a8200000| Untracked 
| 131|0x00000000a8300000, 0x00000000a8300000, 0x00000000a8400000|  0%| F|  |TAMS 0x00000000a8300000, 0x00000000a8300000| Untracked 
| 132|0x00000000a8400000, 0x00000000a8400000, 0x00000000a8500000|  0%| F|  |TAMS 0x00000000a8400000, 0x00000000a8400000| Untracked 
| 133|0x00000000a8500000, 0x00000000a8500000, 0x00000000a8600000|  0%| F|  |TAMS 0x00000000a8500000, 0x00000000a8500000| Untracked 
| 134|0x00000000a8600000, 0x00000000a8600000, 0x00000000a8700000|  0%| F|  |TAMS 0x00000000a8600000, 0x00000000a8600000| Untracked 
| 135|0x00000000a8700000, 0x00000000a8700000, 0x00000000a8800000|  0%| F|  |TAMS 0x00000000a8700000, 0x00000000a8700000| Untracked 
| 136|0x00000000a8800000, 0x00000000a8800000, 0x00000000a8900000|  0%| F|  |TAMS 0x00000000a8800000, 0x00000000a8800000| Untracked 
| 137|0x00000000a8900000, 0x00000000a8900000, 0x00000000a8a00000|  0%| F|  |TAMS 0x00000000a8900000, 0x00000000a8900000| Untracked 
| 138|0x00000000a8a00000, 0x00000000a8a00000, 0x00000000a8b00000|  0%| F|  |TAMS 0x00000000a8a00000, 0x00000000a8a00000| Untracked 
| 139|0x00000000a8b00000, 0x00000000a8bb0ad8, 0x00000000a8c00000| 69%| S|CS|TAMS 0x00000000a8b00000, 0x00000000a8b00000| Complete 
| 140|0x00000000a8c00000, 0x00000000a8d00000, 0x00000000a8d00000|100%| S|CS|TAMS 0x00000000a8c00000, 0x00000000a8c00000| Complete 
| 141|0x00000000a8d00000, 0x00000000a8e00000, 0x00000000a8e00000|100%| S|CS|TAMS 0x00000000a8d00000, 0x00000000a8d00000| Complete 
| 142|0x00000000a8e00000, 0x00000000a8e00000, 0x00000000a8f00000|  0%| F|  |TAMS 0x00000000a8e00000, 0x00000000a8e00000| Untracked 
| 143|0x00000000a8f00000, 0x00000000a8f00000, 0x00000000a9000000|  0%| F|  |TAMS 0x00000000a8f00000, 0x00000000a8f00000| Untracked 
| 144|0x00000000a9000000, 0x00000000a9000000, 0x00000000a9100000|  0%| F|  |TAMS 0x00000000a9000000, 0x00000000a9000000| Untracked 
| 145|0x00000000a9100000, 0x00000000a9100000, 0x00000000a9200000|  0%| F|  |TAMS 0x00000000a9100000, 0x00000000a9100000| Untracked 
| 146|0x00000000a9200000, 0x00000000a9200000, 0x00000000a9300000|  0%| F|  |TAMS 0x00000000a9200000, 0x00000000a9200000| Untracked 
| 147|0x00000000a9300000, 0x00000000a9300000, 0x00000000a9400000|  0%| F|  |TAMS 0x00000000a9300000, 0x00000000a9300000| Untracked 
| 148|0x00000000a9400000, 0x00000000a9400000, 0x00000000a9500000|  0%| F|  |TAMS 0x00000000a9400000, 0x00000000a9400000| Untracked 
| 149|0x00000000a9500000, 0x00000000a9500000, 0x00000000a9600000|  0%| F|  |TAMS 0x00000000a9500000, 0x00000000a9500000| Untracked 
| 150|0x00000000a9600000, 0x00000000a9600000, 0x00000000a9700000|  0%| F|  |TAMS 0x00000000a9600000, 0x00000000a9600000| Untracked 
| 151|0x00000000a9700000, 0x00000000a9700000, 0x00000000a9800000|  0%| F|  |TAMS 0x00000000a9700000, 0x00000000a9700000| Untracked 
| 152|0x00000000a9800000, 0x00000000a9800000, 0x00000000a9900000|  0%| F|  |TAMS 0x00000000a9800000, 0x00000000a9800000| Untracked 
| 153|0x00000000a9900000, 0x00000000a9900000, 0x00000000a9a00000|  0%| F|  |TAMS 0x00000000a9900000, 0x00000000a9900000| Untracked 
| 154|0x00000000a9a00000, 0x00000000a9a00000, 0x00000000a9b00000|  0%| F|  |TAMS 0x00000000a9a00000, 0x00000000a9a00000| Untracked 
| 155|0x00000000a9b00000, 0x00000000a9b00000, 0x00000000a9c00000|  0%| F|  |TAMS 0x00000000a9b00000, 0x00000000a9b00000| Untracked 
| 156|0x00000000a9c00000, 0x00000000a9c00000, 0x00000000a9d00000|  0%| F|  |TAMS 0x00000000a9c00000, 0x00000000a9c00000| Untracked 
| 157|0x00000000a9d00000, 0x00000000a9d00000, 0x00000000a9e00000|  0%| F|  |TAMS 0x00000000a9d00000, 0x00000000a9d00000| Untracked 
| 158|0x00000000a9e00000, 0x00000000a9e00000, 0x00000000a9f00000|  0%| F|  |TAMS 0x00000000a9e00000, 0x00000000a9e00000| Untracked 
| 159|0x00000000a9f00000, 0x00000000a9f00000, 0x00000000aa000000|  0%| F|  |TAMS 0x00000000a9f00000, 0x00000000a9f00000| Untracked 
| 160|0x00000000aa000000, 0x00000000aa000000, 0x00000000aa100000|  0%| F|  |TAMS 0x00000000aa000000, 0x00000000aa000000| Untracked 
| 161|0x00000000aa100000, 0x00000000aa100000, 0x00000000aa200000|  0%| F|  |TAMS 0x00000000aa100000, 0x00000000aa100000| Untracked 
| 162|0x00000000aa200000, 0x00000000aa200000, 0x00000000aa300000|  0%| F|  |TAMS 0x00000000aa200000, 0x00000000aa200000| Untracked 
| 163|0x00000000aa300000, 0x00000000aa300000, 0x00000000aa400000|  0%| F|  |TAMS 0x00000000aa300000, 0x00000000aa300000| Untracked 
| 164|0x00000000aa400000, 0x00000000aa400000, 0x00000000aa500000|  0%| F|  |TAMS 0x00000000aa400000, 0x00000000aa400000| Untracked 
| 165|0x00000000aa500000, 0x00000000aa500000, 0x00000000aa600000|  0%| F|  |TAMS 0x00000000aa500000, 0x00000000aa500000| Untracked 
| 166|0x00000000aa600000, 0x00000000aa600000, 0x00000000aa700000|  0%| F|  |TAMS 0x00000000aa600000, 0x00000000aa600000| Untracked 
| 167|0x00000000aa700000, 0x00000000aa700000, 0x00000000aa800000|  0%| F|  |TAMS 0x00000000aa700000, 0x00000000aa700000| Untracked 
| 168|0x00000000aa800000, 0x00000000aa800000, 0x00000000aa900000|  0%| F|  |TAMS 0x00000000aa800000, 0x00000000aa800000| Untracked 
| 169|0x00000000aa900000, 0x00000000aa900000, 0x00000000aaa00000|  0%| F|  |TAMS 0x00000000aa900000, 0x00000000aa900000| Untracked 
| 170|0x00000000aaa00000, 0x00000000aaa00000, 0x00000000aab00000|  0%| F|  |TAMS 0x00000000aaa00000, 0x00000000aaa00000| Untracked 
| 171|0x00000000aab00000, 0x00000000aab00000, 0x00000000aac00000|  0%| F|  |TAMS 0x00000000aab00000, 0x00000000aab00000| Untracked 
| 172|0x00000000aac00000, 0x00000000aac00000, 0x00000000aad00000|  0%| F|  |TAMS 0x00000000aac00000, 0x00000000aac00000| Untracked 
| 173|0x00000000aad00000, 0x00000000aad00000, 0x00000000aae00000|  0%| F|  |TAMS 0x00000000aad00000, 0x00000000aad00000| Untracked 
| 174|0x00000000aae00000, 0x00000000aae00000, 0x00000000aaf00000|  0%| F|  |TAMS 0x00000000aae00000, 0x00000000aae00000| Untracked 
| 175|0x00000000aaf00000, 0x00000000aaf00000, 0x00000000ab000000|  0%| F|  |TAMS 0x00000000aaf00000, 0x00000000aaf00000| Untracked 
| 176|0x00000000ab000000, 0x00000000ab000000, 0x00000000ab100000|  0%| F|  |TAMS 0x00000000ab000000, 0x00000000ab000000| Untracked 
| 177|0x00000000ab100000, 0x00000000ab100000, 0x00000000ab200000|  0%| F|  |TAMS 0x00000000ab100000, 0x00000000ab100000| Untracked 
| 178|0x00000000ab200000, 0x00000000ab200000, 0x00000000ab300000|  0%| F|  |TAMS 0x00000000ab200000, 0x00000000ab200000| Untracked 
| 179|0x00000000ab300000, 0x00000000ab300000, 0x00000000ab400000|  0%| F|  |TAMS 0x00000000ab300000, 0x00000000ab300000| Untracked 
| 180|0x00000000ab400000, 0x00000000ab400000, 0x00000000ab500000|  0%| F|  |TAMS 0x00000000ab400000, 0x00000000ab400000| Untracked 
| 181|0x00000000ab500000, 0x00000000ab500000, 0x00000000ab600000|  0%| F|  |TAMS 0x00000000ab500000, 0x00000000ab500000| Untracked 
| 182|0x00000000ab600000, 0x00000000ab600000, 0x00000000ab700000|  0%| F|  |TAMS 0x00000000ab600000, 0x00000000ab600000| Untracked 
| 183|0x00000000ab700000, 0x00000000ab700000, 0x00000000ab800000|  0%| F|  |TAMS 0x00000000ab700000, 0x00000000ab700000| Untracked 
| 184|0x00000000ab800000, 0x00000000ab800000, 0x00000000ab900000|  0%| F|  |TAMS 0x00000000ab800000, 0x00000000ab800000| Untracked 
| 185|0x00000000ab900000, 0x00000000ab900000, 0x00000000aba00000|  0%| F|  |TAMS 0x00000000ab900000, 0x00000000ab900000| Untracked 
| 186|0x00000000aba00000, 0x00000000aba00000, 0x00000000abb00000|  0%| F|  |TAMS 0x00000000aba00000, 0x00000000aba00000| Untracked 
| 187|0x00000000abb00000, 0x00000000abb00000, 0x00000000abc00000|  0%| F|  |TAMS 0x00000000abb00000, 0x00000000abb00000| Untracked 
| 188|0x00000000abc00000, 0x00000000abc00000, 0x00000000abd00000|  0%| F|  |TAMS 0x00000000abc00000, 0x00000000abc00000| Untracked 
| 189|0x00000000abd00000, 0x00000000abd00000, 0x00000000abe00000|  0%| F|  |TAMS 0x00000000abd00000, 0x00000000abd00000| Untracked 

Card table byte_map: [0x00000188ae580000,0x00000188ae880000] _byte_map_base: 0x00000188ae080000

Marking Bits (Prev, Next): (CMBitMap*) 0x000001889b488600, (CMBitMap*) 0x000001889b4885c8
 Prev Bits: [0x00000188b0380000, 0x00000188b1b80000)
 Next Bits: [0x00000188aeb80000, 0x00000188b0380000)

Polling page: 0x0000018899430000

Metaspace:

Usage:
  Non-class:     23.98 MB capacity,    23.61 MB ( 98%) used,   330.73 KB (  1%) free+waste,    50.56 KB ( <1%) overhead. 
      Class:      3.82 MB capacity,     3.60 MB ( 94%) used,   196.03 KB (  5%) free+waste,    25.31 KB ( <1%) overhead. 
       Both:     27.80 MB capacity,    27.21 MB ( 98%) used,   526.77 KB (  2%) free+waste,    75.88 KB ( <1%) overhead. 

Virtual space:
  Non-class space:       32.00 MB reserved,      24.00 MB ( 75%) committed 
      Class space:        1.00 GB reserved,       3.88 MB ( <1%) committed 
             Both:        1.03 GB reserved,      27.88 MB (  3%) committed 

Chunk freelists:
   Non-Class:  19.00 KB
       Class:  26.00 KB
        Both:  45.00 KB

MaxMetaspaceSize: 17179869184.00 GB
CompressedClassSpaceSize: 1.00 GB

CodeHeap 'non-profiled nmethods': size=120000Kb used=1143Kb max_used=1143Kb free=118856Kb
 bounds [0x00000188a6a10000, 0x00000188a6c80000, 0x00000188adf40000]
CodeHeap 'profiled nmethods': size=120000Kb used=4928Kb max_used=4928Kb free=115072Kb
 bounds [0x000001889f4e0000, 0x000001889f9b0000, 0x00000188a6a10000]
CodeHeap 'non-nmethods': size=5760Kb used=1148Kb max_used=1182Kb free=4611Kb
 bounds [0x000001889ef40000, 0x000001889f1b0000, 0x000001889f4e0000]
 total_blobs=2786 nmethods=2301 adapters=396
 compilation: enabled
              stopped_count=0, restarted_count=0
 full_count=0

Compilation events (20 events):
Event: 5.104 Thread 0x00000188b4e7f000 2287       3       jdk.internal.reflect.UTF8::utf8Length (81 bytes)
Event: 5.105 Thread 0x00000188b4e7f000 nmethod 2287 0x000001889f9a5290 code [0x000001889f9a54e0, 0x000001889f9a5d78]
Event: 5.105 Thread 0x00000188b4e7f000 2288   !   3       jdk.internal.reflect.UTF8::encode (191 bytes)
Event: 5.107 Thread 0x00000188b4e7f000 nmethod 2288 0x000001889f9a6110 code [0x000001889f9a63a0, 0x000001889f9a6f98]
Event: 5.107 Thread 0x00000188b4e7f000 2289       3       jdk.internal.reflect.ClassFileAssembler::emitConstantPoolUTF8 (50 bytes)
Event: 5.108 Thread 0x00000188b4e7f000 nmethod 2289 0x000001889f9a7610 code [0x000001889f9a7860, 0x000001889f9a7e88]
Event: 5.108 Thread 0x00000188b4e7f000 2290       3       jdk.internal.reflect.ByteVectorImpl::getLength (7 bytes)
Event: 5.108 Thread 0x00000188b4e7f000 nmethod 2290 0x000001889f9a8210 code [0x000001889f9a83c0, 0x000001889f9a84b8]
Event: 5.125 Thread 0x00000188b4e7f000 2293       3       com.google.common.base.Preconditions::checkArgument (28 bytes)
Event: 5.126 Thread 0x00000188b4e7f000 nmethod 2293 0x000001889f9a8590 code [0x000001889f9a87a0, 0x000001889f9a8d98]
Event: 5.126 Thread 0x00000188b4e7f000 2294       3       com.google.common.io.BaseEncoding$Alphabet::encode (7 bytes)
Event: 5.126 Thread 0x00000188b4e7f000 nmethod 2294 0x000001889f9a9010 code [0x000001889f9a91c0, 0x000001889f9a92f8]
Event: 5.168 Thread 0x00000188b4e7f000 2295       3       com.google.common.cache.LocalCache::expiresAfterWrite (15 bytes)
Event: 5.168 Thread 0x00000188b4e7f000 nmethod 2295 0x000001889f9a9410 code [0x000001889f9a95c0, 0x000001889f9a9738]
Event: 5.185 Thread 0x00000188b4e7f000 2296       1       org.gradle.launcher.daemon.server.exec.DaemonConnectionBackedEventConsumer::access$100 (5 bytes)
Event: 5.185 Thread 0x00000188b4e7f000 nmethod 2296 0x00000188a6b2bd10 code [0x00000188a6b2bec0, 0x00000188a6b2bf58]
Event: 5.203 Thread 0x00000188b4e7f000 2298       3       jdk.internal.misc.Unsafe::weakCompareAndSetInt (11 bytes)
Event: 5.203 Thread 0x00000188b4e7f000 nmethod 2298 0x000001889f9a9810 code [0x000001889f9a99c0, 0x000001889f9a9ad8]
Event: 5.280 Thread 0x00000188b4e7f000 2299       3       java.util.concurrent.locks.ReentrantLock$Sync::isHeldExclusively (16 bytes)
Event: 5.284 Thread 0x00000188b4e7f000 nmethod 2299 0x000001889f9a9b90 code [0x000001889f9a9d40, 0x000001889f9a9ed8]

GC Heap History (6 events):
Event: 1.051 GC heap before
{Heap before GC invocations=0 (full 0):
 garbage-first heap   total 194560K, used 29696K [0x00000000a0000000, 0x0000000100000000)
  region size 1024K, 24 young (24576K), 0 survivors (0K)
 Metaspace       used 10755K, capacity 11064K, committed 11264K, reserved 1058816K
  class space    used 1135K, capacity 1200K, committed 1280K, reserved 1048576K
}
Event: 1.059 GC heap after
{Heap after GC invocations=1 (full 0):
 garbage-first heap   total 194560K, used 8683K [0x00000000a0000000, 0x0000000100000000)
  region size 1024K, 3 young (3072K), 3 survivors (3072K)
 Metaspace       used 10755K, capacity 11064K, committed 11264K, reserved 1058816K
  class space    used 1135K, capacity 1200K, committed 1280K, reserved 1048576K
}
Event: 3.598 GC heap before
{Heap before GC invocations=1 (full 0):
 garbage-first heap   total 194560K, used 91627K [0x00000000a0000000, 0x0000000100000000)
  region size 1024K, 86 young (88064K), 3 survivors (3072K)
 Metaspace       used 20630K, capacity 21123K, committed 21248K, reserved 1067008K
  class space    used 2547K, capacity 2693K, committed 2816K, reserved 1048576K
}
Event: 3.638 GC heap after
{Heap after GC invocations=2 (full 0):
 garbage-first heap   total 194560K, used 15677K [0x00000000a0000000, 0x0000000100000000)
  region size 1024K, 10 young (10240K), 10 survivors (10240K)
 Metaspace       used 20630K, capacity 21123K, committed 21248K, reserved 1067008K
  class space    used 2547K, capacity 2693K, committed 2816K, reserved 1048576K
}
Event: 4.087 GC heap before
{Heap before GC invocations=3 (full 0):
 garbage-first heap   total 194560K, used 37181K [0x00000000a0000000, 0x0000000100000000)
  region size 1024K, 31 young (31744K), 10 survivors (10240K)
 Metaspace       used 22591K, capacity 23111K, committed 23296K, reserved 1069056K
  class space    used 2880K, capacity 3059K, committed 3072K, reserved 1048576K
}
Event: 4.095 GC heap after
{Heap after GC invocations=4 (full 0):
 garbage-first heap   total 194560K, used 17075K [0x00000000a0000000, 0x0000000100000000)
  region size 1024K, 2 young (2048K), 2 survivors (2048K)
 Metaspace       used 22591K, capacity 23111K, committed 23296K, reserved 1069056K
  class space    used 2880K, capacity 3059K, committed 3072K, reserved 1048576K
}

Deoptimization events (20 events):
Event: 3.935 Thread 0x00000188b70a3000 Uncommon trap: trap_request=0xffffffc6 fr.pc=0x00000188a6ad8a4c relative=0x000000000000112c
Event: 3.935 Thread 0x00000188b70a3000 Uncommon trap: reason=bimorphic_or_optimized_type_check action=maybe_recompile pc=0x00000188a6ad8a4c method=java.util.HashMap.putVal(ILjava/lang/Object;Ljava/lang/Object;ZZ)Ljava/lang/Object; @ 203 c2
Event: 3.935 Thread 0x00000188b70a3000 DEOPT PACKING pc=0x00000188a6ad8a4c sp=0x0000002ab36fa0e0
Event: 3.935 Thread 0x00000188b70a3000 DEOPT UNPACKING pc=0x000001889ef678af sp=0x0000002ab36fa080 mode 2
Event: 4.145 Thread 0x00000188b70a3000 Uncommon trap: trap_request=0xffffff4d fr.pc=0x00000188a6a5c080 relative=0x0000000000000240
Event: 4.145 Thread 0x00000188b70a3000 Uncommon trap: reason=unstable_if action=reinterpret pc=0x00000188a6a5c080 method=java.util.concurrent.ConcurrentHashMap.get(Ljava/lang/Object;)Ljava/lang/Object; @ 76 c2
Event: 4.145 Thread 0x00000188b70a3000 DEOPT PACKING pc=0x00000188a6a5c080 sp=0x0000002ab36f8d30
Event: 4.145 Thread 0x00000188b70a3000 DEOPT UNPACKING pc=0x000001889ef678af sp=0x0000002ab36f8c98 mode 2
Event: 4.270 Thread 0x00000188b70a3000 Uncommon trap: trap_request=0xffffff4d fr.pc=0x00000188a6af2528 relative=0x0000000000000168
Event: 4.270 Thread 0x00000188b70a3000 Uncommon trap: reason=unstable_if action=reinterpret pc=0x00000188a6af2528 method=java.util.HashMap.getNode(ILjava/lang/Object;)Ljava/util/HashMap$Node; @ 129 c2
Event: 4.270 Thread 0x00000188b70a3000 DEOPT PACKING pc=0x00000188a6af2528 sp=0x0000002ab36fd060
Event: 4.270 Thread 0x00000188b70a3000 DEOPT UNPACKING pc=0x000001889ef678af sp=0x0000002ab36fcf70 mode 2
Event: 4.409 Thread 0x00000188b70a3000 Uncommon trap: trap_request=0xffffff7e fr.pc=0x00000188a6b01430 relative=0x0000000000000150
Event: 4.409 Thread 0x00000188b70a3000 Uncommon trap: reason=predicate action=maybe_recompile pc=0x00000188a6b01430 method=com.google.common.base.CharMatcher.indexIn(Ljava/lang/CharSequence;I)I @ 19 c2
Event: 4.409 Thread 0x00000188b70a3000 DEOPT PACKING pc=0x00000188a6b01430 sp=0x0000002ab36fbd90
Event: 4.409 Thread 0x00000188b70a3000 DEOPT UNPACKING pc=0x000001889ef678af sp=0x0000002ab36fbd20 mode 2
Event: 4.761 Thread 0x00000188b70a3000 Uncommon trap: trap_request=0xffffff4d fr.pc=0x00000188a6a67b08 relative=0x0000000000000a48
Event: 4.761 Thread 0x00000188b70a3000 Uncommon trap: reason=unstable_if action=reinterpret pc=0x00000188a6a67b08 method=java.io.WinNTFileSystem.resolve(Ljava/lang/String;Ljava/lang/String;)Ljava/lang/String; @ 83 c2
Event: 4.761 Thread 0x00000188b70a3000 DEOPT PACKING pc=0x00000188a6a67b08 sp=0x0000002ab36f9f50
Event: 4.761 Thread 0x00000188b70a3000 DEOPT UNPACKING pc=0x000001889ef678af sp=0x0000002ab36f9ef8 mode 2

Classes redefined (0 events):
No events

Internal exceptions (20 events):
Event: 3.505 Thread 0x00000188b70a3000 Exception <a 'java/lang/NoSuchMethodError'{0x00000000a6c39638}: 'java.lang.Object java.lang.invoke.DirectMethodHandle$Holder.invokeInterface(java.lang.Object, java.lang.Object, java.lang.Object)'> (0x00000000a6c39638) thrown at [./src/hotspot/share/interpreter/linkResolver.cpp, line 773]
Event: 3.505 Thread 0x00000188b70a3000 Exception <a 'java/lang/IncompatibleClassChangeError'{0x00000000a6c3cb10}: Found class java.lang.Object, but interface was expected> (0x00000000a6c3cb10) thrown at [./src/hotspot/share/interpreter/linkResolver.cpp, line 839]
Event: 3.646 Thread 0x00000188b70a3000 Exception <a 'java/lang/NoSuchMethodError'{0x00000000abd19ef8}: 'void java.lang.invoke.DirectMethodHandle$Holder.invokeSpecial(java.lang.Object, java.lang.Object)'> (0x00000000abd19ef8) thrown at [./src/hotspot/share/interpreter/linkResolver.cpp, line 773]
Event: 3.830 Thread 0x00000188b70a3000 Exception <a 'java/lang/NoSuchMethodError'{0x00000000ab3630f8}: 'java.lang.Object java.lang.invoke.DirectMethodHandle$Holder.invokeVirtual(java.lang.Object, java.lang.Object, java.lang.Object, java.lang.Object)'> (0x00000000ab3630f8) thrown at [./src/hotspot/share/interpreter/linkResolver.cpp, line 773]
Event: 4.175 Thread 0x00000188b70a3000 Exception <a 'java/lang/NoSuchMethodError'{0x00000000abb3c728}: 'void java.lang.invoke.DirectMethodHandle$Holder.invokeSpecial(java.lang.Object, java.lang.Object, java.lang.Object, java.lang.Object, java.lang.Object, java.lang.Object)'> (0x00000000abb3c728) thrown at [./src/hotspot/share/interpreter/linkResolver.cpp, line 773]
Event: 4.262 Thread 0x00000188b70a3000 Exception <a 'java/lang/NoSuchMethodError'{0x00000000ab91aba8}: 'java.lang.Object java.lang.invoke.Invokers$Holder.invoker(java.lang.Object, java.lang.Object, java.lang.Object)'> (0x00000000ab91aba8) thrown at [./src/hotspot/share/interpreter/linkResolver.cpp, line 773]
Event: 4.285 Thread 0x00000188b70a3000 Exception <a 'java/lang/NoSuchMethodError'{0x00000000ab80d540}: 'void java.lang.invoke.DirectMethodHandle$Holder.invokeSpecial(java.lang.Object, java.lang.Object, java.lang.Object, java.lang.Object, java.lang.Object, java.lang.Object, java.lang.Object)'> (0x00000000ab80d540) thrown at [./src/hotspot/share/interpreter/linkResolver.cpp, line 773]
Event: 4.285 Thread 0x00000188b70a3000 Exception <a 'java/lang/NoSuchMethodError'{0x00000000ab815788}: 'java.lang.Object java.lang.invoke.Invokers$Holder.linkToTargetMethod(java.lang.Object, java.lang.Object, java.lang.Object, java.lang.Object, java.lang.Object, java.lang.Object)'> (0x00000000ab815788) thrown at [./src/hotspot/share/interpreter/linkResolver.cpp, line 773]
Event: 4.302 Thread 0x00000188b70a3000 Exception <a 'java/lang/NoSuchMethodError'{0x00000000ab74eef8}: 'java.lang.Object java.lang.invoke.DirectMethodHandle$Holder.invokeVirtual(java.lang.Object, java.lang.Object, java.lang.Object, java.lang.Object, java.lang.Object, java.lang.Object, java.lang.Object, java.lang.Object, java.lang.Object, java.lang.Object, java.lang.Object, java.lang.Object, java.lang.Object, java.lang.Object, java.lang.Object, java.lang.Object, java.lang.Object)'> (0x00000000ab74eef8) thrown at [./src/hotspot/share/interpreter/
Event: 4.304 Thread 0x00000188b70a3000 Exception <a 'java/lang/NoSuchMethodError'{0x00000000ab77f570}: 'java.lang.Object java.lang.invoke.DirectMethodHandle$Holder.invokeSpecial(java.lang.Object, java.lang.Object, java.lang.Object, java.lang.Object, java.lang.Object, java.lang.Object, java.lang.Object, java.lang.Object, java.lang.Object)'> (0x00000000ab77f570) thrown at [./src/hotspot/share/interpreter/linkResolver.cpp, line 773]
Event: 4.427 Thread 0x00000188b70a3000 Exception <a 'java/lang/NoSuchMethodError'{0x00000000aaec2350}: 'java.lang.Object java.lang.invoke.DirectMethodHandle$Holder.invokeStatic(java.lang.Object, java.lang.Object, java.lang.Object, int, java.lang.Object, java.lang.Object)'> (0x00000000aaec2350) thrown at [./src/hotspot/share/interpreter/linkResolver.cpp, line 773]
Event: 4.427 Thread 0x00000188b70a3000 Exception <a 'java/lang/NoSuchMethodError'{0x00000000aaec96b8}: 'java.lang.Object java.lang.invoke.Invokers$Holder.linkToTargetMethod(java.lang.Object, java.lang.Object, int, java.lang.Object, java.lang.Object, java.lang.Object)'> (0x00000000aaec96b8) thrown at [./src/hotspot/share/interpreter/linkResolver.cpp, line 773]
Event: 4.452 Thread 0x00000188b70a3000 Exception <a 'java/lang/NoSuchMethodError'{0x00000000aac0ac00}: 'void java.lang.invoke.DirectMethodHandle$Holder.invokeSpecial(java.lang.Object, java.lang.Object, java.lang.Object, java.lang.Object)'> (0x00000000aac0ac00) thrown at [./src/hotspot/share/interpreter/linkResolver.cpp, line 773]
Event: 4.641 Thread 0x00000188b70a3000 Exception <a 'java/lang/NoSuchMethodError'{0x00000000aa01e058}: 'java.lang.Object java.lang.invoke.DirectMethodHandle$Holder.invokeSpecialIFC(java.lang.Object, java.lang.Object, java.lang.Object, java.lang.Object)'> (0x00000000aa01e058) thrown at [./src/hotspot/share/interpreter/linkResolver.cpp, line 773]
Event: 4.656 Thread 0x00000188b70a3000 Exception <a 'java/lang/NoSuchMethodError'{0x00000000aa0e7c58}: 'java.lang.Object java.lang.invoke.DirectMethodHandle$Holder.invokeSpecial(java.lang.Object, java.lang.Object, java.lang.Object, java.lang.Object, java.lang.Object, java.lang.Object, java.lang.Object, java.lang.Object, java.lang.Object, java.lang.Object, java.lang.Object, java.lang.Object, java.lang.Object)'> (0x00000000aa0e7c58) thrown at [./src/hotspot/share/interpreter/linkResolver.cpp, line 773]
Event: 4.657 Thread 0x00000188b70a3000 Exception <a 'java/lang/NoSuchMethodError'{0x00000000aa0f8ee0}: 'java.lang.Object java.lang.invoke.DirectMethodHandle$Holder.invokeSpecial(java.lang.Object, java.lang.Object, java.lang.Object, java.lang.Object, java.lang.Object, java.lang.Object, java.lang.Object, java.lang.Object, java.lang.Object, java.lang.Object, java.lang.Object, java.lang.Object)'> (0x00000000aa0f8ee0) thrown at [./src/hotspot/share/interpreter/linkResolver.cpp, line 773]
Event: 4.658 Thread 0x00000188b70a3000 Exception <a 'java/lang/NoSuchMethodError'{0x00000000aa0fe008}: 'java.lang.Object java.lang.invoke.Invokers$Holder.linkToTargetMethod(java.lang.Object, java.lang.Object, java.lang.Object, java.lang.Object, java.lang.Object, java.lang.Object, java.lang.Object, java.lang.Object, java.lang.Object, java.lang.Object, java.lang.Object)'> (0x00000000aa0fe008) thrown at [./src/hotspot/share/interpreter/linkResolver.cpp, line 773]
Event: 4.673 Thread 0x00000188b70a3000 Exception <a 'java/lang/NoSuchMethodError'{0x00000000a9e0a790}: 'java.lang.Object java.lang.invoke.DirectMethodHandle$Holder.invokeSpecial(java.lang.Object, java.lang.Object, java.lang.Object, java.lang.Object, java.lang.Object, java.lang.Object, java.lang.Object, java.lang.Object, java.lang.Object, java.lang.Object, java.lang.Object, java.lang.Object, java.lang.Object, java.lang.Object)'> (0x00000000a9e0a790) thrown at [./src/hotspot/share/interpreter/linkResolver.cpp, line 773]
Event: 4.675 Thread 0x00000188b70a3000 Exception <a 'java/lang/NoSuchMethodError'{0x00000000a9e1bd88}: 'java.lang.Object java.lang.invoke.Invokers$Holder.linkToTargetMethod(java.lang.Object, java.lang.Object, java.lang.Object, java.lang.Object, java.lang.Object, java.lang.Object, java.lang.Object, java.lang.Object, java.lang.Object, java.lang.Object, java.lang.Object, java.lang.Object)'> (0x00000000a9e1bd88) thrown at [./src/hotspot/share/interpreter/linkResolver.cpp, line 773]
Event: 4.685 Thread 0x00000188b70a3000 Exception <a 'java/lang/NoSuchMethodError'{0x00000000a9e991a0}: 'java.lang.Object java.lang.invoke.DirectMethodHandle$Holder.invokeStaticInit(java.lang.Object, java.lang.Object, java.lang.Object, java.lang.Object)'> (0x00000000a9e991a0) thrown at [./src/hotspot/share/interpreter/linkResolver.cpp, line 773]

Events (20 events):
Event: 5.192 loading class org/gradle/api/internal/DefaultDomainObjectSet done
Event: 5.192 loading class org/gradle/api/internal/DefaultNamedDomainObjectSet
Event: 5.192 loading class org/gradle/api/internal/DefaultNamedDomainObjectSet done
Event: 5.193 loading class org/gradle/api/internal/DefaultPolymorphicDomainObjectContainer
Event: 5.193 loading class org/gradle/api/internal/DefaultPolymorphicDomainObjectContainer done
Event: 5.194 loading class org/gradle/api/ExtensiblePolymorphicDomainObjectContainer
Event: 5.194 loading class org/gradle/api/ExtensiblePolymorphicDomainObjectContainer done
Event: 5.194 loading class org/gradle/api/internal/rules/NamedDomainObjectFactoryRegistry
Event: 5.194 loading class org/gradle/api/internal/rules/NamedDomainObjectFactoryRegistry done
Event: 5.196 loading class org/gradle/api/internal/AbstractPolymorphicDomainObjectContainer
Event: 5.196 loading class org/gradle/api/internal/AbstractPolymorphicDomainObjectContainer done
Event: 5.197 loading class org/gradle/api/internal/PolymorphicDomainObjectContainerInternal
Event: 5.197 loading class org/gradle/api/internal/PolymorphicDomainObjectContainerInternal done
Event: 5.200 loading class org/gradle/api/internal/AbstractNamedDomainObjectContainer
Event: 5.200 loading class org/gradle/api/internal/AbstractNamedDomainObjectContainer done
Event: 5.200 loading class org/gradle/api/reflect/HasPublicType
Event: 5.200 loading class org/gradle/api/reflect/HasPublicType done
Event: 5.202 loading class org/gradle/internal/scripts/ScriptOrigin
Event: 5.202 loading class org/gradle/internal/scripts/ScriptOrigin done
Event: 5.203 loading class java/util/Spliterators$IteratorSpliterator


Dynamic libraries:
0x00007ff7429e0000 - 0x00007ff7429ea000 	D:\Program Files\Android Studio\jre\bin\java.exe
0x00007ff9fdc80000 - 0x00007ff9fde89000 	C:\WINDOWS\SYSTEM32\ntdll.dll
0x00007ff9fc7d0000 - 0x00007ff9fc88d000 	C:\WINDOWS\System32\KERNEL32.DLL
0x00007ff9fb170000 - 0x00007ff9fb4e4000 	C:\WINDOWS\System32\KERNELBASE.dll
0x00007ff9fb980000 - 0x00007ff9fba91000 	C:\WINDOWS\System32\ucrtbase.dll
0x00007ff9db880000 - 0x00007ff9db897000 	D:\Program Files\Android Studio\jre\bin\VCRUNTIME140.dll
0x00007ff9e0420000 - 0x00007ff9e0439000 	D:\Program Files\Android Studio\jre\bin\jli.dll
0x00007ff9fbde0000 - 0x00007ff9fbf8c000 	C:\WINDOWS\System32\USER32.dll
0x00007ff9fb720000 - 0x00007ff9fb746000 	C:\WINDOWS\System32\win32u.dll
0x00007ff9e22f0000 - 0x00007ff9e2595000 	C:\WINDOWS\WinSxS\amd64_microsoft.windows.common-controls_6595b64144ccf1df_6.0.22000.120_none_9d947278b86cc467\COMCTL32.dll
0x00007ff9fd510000 - 0x00007ff9fd539000 	C:\WINDOWS\System32\GDI32.dll
0x00007ff9fc9c0000 - 0x00007ff9fca63000 	C:\WINDOWS\System32\msvcrt.dll
0x00007ff9fb750000 - 0x00007ff9fb862000 	C:\WINDOWS\System32\gdi32full.dll
0x00007ff9fb8e0000 - 0x00007ff9fb97d000 	C:\WINDOWS\System32\msvcp_win.dll
0x00007ff9fc700000 - 0x00007ff9fc731000 	C:\WINDOWS\System32\IMM32.DLL
0x00007ff9b6da0000 - 0x00007ff9b6e3d000 	D:\Program Files\Android Studio\jre\bin\msvcp140.dll
0x00007ff96cdc0000 - 0x00007ff96d88f000 	D:\Program Files\Android Studio\jre\bin\server\jvm.dll
0x00007ff9fca80000 - 0x00007ff9fcb2e000 	C:\WINDOWS\System32\ADVAPI32.dll
0x00007ff9fc890000 - 0x00007ff9fc92e000 	C:\WINDOWS\System32\sechost.dll
0x00007ff9fbb20000 - 0x00007ff9fbc40000 	C:\WINDOWS\System32\RPCRT4.dll
0x00007ff9fca70000 - 0x00007ff9fca78000 	C:\WINDOWS\System32\PSAPI.DLL
0x00007ff9cb5e0000 - 0x00007ff9cb5e9000 	C:\WINDOWS\SYSTEM32\WSOCK32.dll
0x00007ff9d94a0000 - 0x00007ff9d94d3000 	C:\WINDOWS\SYSTEM32\WINMM.dll
0x00007ff9fc950000 - 0x00007ff9fc9bf000 	C:\WINDOWS\System32\WS2_32.dll
0x00007ff9f35d0000 - 0x00007ff9f35da000 	C:\WINDOWS\SYSTEM32\VERSION.dll
0x00007ff9fa360000 - 0x00007ff9fa378000 	C:\WINDOWS\SYSTEM32\kernel.appcore.dll
0x00007ff9e6ff0000 - 0x00007ff9e7001000 	D:\Program Files\Android Studio\jre\bin\verify.dll
0x00007ff9e8a60000 - 0x00007ff9e8c81000 	C:\WINDOWS\SYSTEM32\DBGHELP.DLL
0x00007ff9e89f0000 - 0x00007ff9e8a21000 	C:\WINDOWS\SYSTEM32\dbgcore.DLL
0x00007ff9fbaa0000 - 0x00007ff9fbb1f000 	C:\WINDOWS\System32\bcryptPrimitives.dll
0x00007ff9db320000 - 0x00007ff9db349000 	D:\Program Files\Android Studio\jre\bin\java.dll
0x00007ff9e8960000 - 0x00007ff9e896b000 	D:\Program Files\Android Studio\jre\bin\jimage.dll
0x00007ff9e6ef0000 - 0x00007ff9e6f08000 	D:\Program Files\Android Studio\jre\bin\zip.dll
0x00007ff9fcd40000 - 0x00007ff9fd4ef000 	C:\WINDOWS\System32\SHELL32.dll
0x00007ff9f92c0000 - 0x00007ff9f9b28000 	C:\WINDOWS\SYSTEM32\windows.storage.dll
0x00007ff9fbf90000 - 0x00007ff9fc308000 	C:\WINDOWS\System32\combase.dll
0x00007ff9f9150000 - 0x00007ff9f92b6000 	C:\WINDOWS\SYSTEM32\wintypes.dll
0x00007ff9fd540000 - 0x00007ff9fd62a000 	C:\WINDOWS\System32\SHCORE.dll
0x00007ff9fcce0000 - 0x00007ff9fcd3d000 	C:\WINDOWS\System32\shlwapi.dll
0x00007ff9fb0a0000 - 0x00007ff9fb0c1000 	C:\WINDOWS\SYSTEM32\profapi.dll
0x00007ff9e6d90000 - 0x00007ff9e6daa000 	D:\Program Files\Android Studio\jre\bin\net.dll
0x00007ff9f55d0000 - 0x00007ff9f56dc000 	C:\WINDOWS\SYSTEM32\WINHTTP.dll
0x00007ff9fa790000 - 0x00007ff9fa7f7000 	C:\WINDOWS\system32\mswsock.dll
0x00007ff9db300000 - 0x00007ff9db314000 	D:\Program Files\Android Studio\jre\bin\nio.dll
0x00007ff9db5c0000 - 0x00007ff9db5e7000 	C:\Users\hp\.gradle\native\fdc75f09e3144964f2cf3f50f0aa648679c211496f362492102eb8c894070792\windows-amd64\native-platform.dll
0x00007ff9adc10000 - 0x00007ff9adda6000 	C:\Users\hp\.gradle\native\12488b8bf47d2d4c9fbf2f6322a914ad602e24e48041cd04a747c6da556b65c4\windows-amd64\native-platform-file-events.dll
0x00007ff9e8940000 - 0x00007ff9e894a000 	D:\Program Files\Android Studio\jre\bin\management.dll
0x00007ff9e7c20000 - 0x00007ff9e7c2c000 	D:\Program Files\Android Studio\jre\bin\management_ext.dll
0x00007ff9fa9d0000 - 0x00007ff9fa9e8000 	C:\WINDOWS\SYSTEM32\CRYPTSP.dll
0x00007ff9fa2c0000 - 0x00007ff9fa2f5000 	C:\WINDOWS\system32\rsaenh.dll
0x00007ff9fa880000 - 0x00007ff9fa8a9000 	C:\WINDOWS\SYSTEM32\USERENV.dll
0x00007ff9fab50000 - 0x00007ff9fab77000 	C:\WINDOWS\SYSTEM32\bcrypt.dll
0x00007ff9fa9f0000 - 0x00007ff9fa9fc000 	C:\WINDOWS\SYSTEM32\CRYPTBASE.dll
0x00007ff9f9e60000 - 0x00007ff9f9e8d000 	C:\WINDOWS\SYSTEM32\IPHLPAPI.DLL
0x00007ff9fcb90000 - 0x00007ff9fcb99000 	C:\WINDOWS\System32\NSI.dll
0x00007ff9f55b0000 - 0x00007ff9f55c9000 	C:\WINDOWS\SYSTEM32\dhcpcsvc6.DLL
0x00007ff9f5b00000 - 0x00007ff9f5b1e000 	C:\WINDOWS\SYSTEM32\dhcpcsvc.DLL
0x00007ff9f9ed0000 - 0x00007ff9f9fb8000 	C:\WINDOWS\SYSTEM32\DNSAPI.dll
0x00007ff9f56e0000 - 0x00007ff9f56ec000 	C:\WINDOWS\SYSTEM32\WINNSI.DLL

dbghelp: loaded successfully - version: 4.0.5 - missing functions: none
symbol engine: initialized successfully - sym options: 0x614 - pdb path: .;D:\Program Files\Android Studio\jre\bin;C:\WINDOWS\SYSTEM32;C:\WINDOWS\WinSxS\amd64_microsoft.windows.common-controls_6595b64144ccf1df_6.0.22000.120_none_9d947278b86cc467;D:\Program Files\Android Studio\jre\bin\server;C:\Users\hp\.gradle\native\fdc75f09e3144964f2cf3f50f0aa648679c211496f362492102eb8c894070792\windows-amd64;C:\Users\hp\.gradle\native\12488b8bf47d2d4c9fbf2f6322a914ad602e24e48041cd04a747c6da556b65c4\windows-amd64

VM Arguments:
jvm_args: --add-opens=java.base/java.util=ALL-UNNAMED --add-opens=java.base/java.lang=ALL-UNNAMED --add-opens=java.base/java.lang.invoke=ALL-UNNAMED --add-opens=java.prefs/java.util.prefs=ALL-UNNAMED -Xmx1536M -Dfile.encoding=windows-1252 -Duser.country=FR -Duser.language=fr -Duser.variant 
java_command: org.gradle.launcher.daemon.bootstrap.GradleDaemon 6.7
java_class_path (initial): C:\Users\hp\.gradle\wrapper\dists\gradle-6.7-all\cuy9mc7upwgwgeb72wkcrupxe\gradle-6.7\lib\gradle-launcher-6.7.jar
Launcher Type: SUN_STANDARD

[Global flags]
     intx CICompilerCount                          = 4                                         {product} {ergonomic}
     uint ConcGCThreads                            = 2                                         {product} {ergonomic}
     uint G1ConcRefinementThreads                  = 8                                         {product} {ergonomic}
   size_t G1HeapRegionSize                         = 1048576                                   {product} {ergonomic}
    uintx GCDrainStackTargetSize                   = 64                                        {product} {ergonomic}
   size_t InitialHeapSize                          = 199229440                                 {product} {ergonomic}
   size_t MarkStackSize                            = 4194304                                   {product} {ergonomic}
   size_t MaxHeapSize                              = 1610612736                                {product} {command line}
   size_t MaxNewSize                               = 965738496                                 {product} {ergonomic}
   size_t MinHeapDeltaBytes                        = 1048576                                   {product} {ergonomic}
    uintx NonNMethodCodeHeapSize                   = 5836300                                {pd product} {ergonomic}
    uintx NonProfiledCodeHeapSize                  = 122910970                              {pd product} {ergonomic}
    uintx ProfiledCodeHeapSize                     = 122910970                              {pd product} {ergonomic}
    uintx ReservedCodeCacheSize                    = 251658240                              {pd product} {ergonomic}
     bool SegmentedCodeCache                       = true                                      {product} {ergonomic}
     bool UseCompressedClassPointers               = true                                 {lp64_product} {ergonomic}
     bool UseCompressedOops                        = true                                 {lp64_product} {ergonomic}
     bool UseG1GC                                  = true                                      {product} {ergonomic}
     bool UseLargePagesIndividualAllocation        = false                                  {pd product} {ergonomic}

Logging:
Log output configuration:
 #0: stdout all=warning uptime,level,tags
 #1: stderr all=off uptime,level,tags

Environment Variables:
JAVA_HOME=D:\Program Files\Android Studio\jre
CLASSPATH=C:\Users\hp\AndroidStudioProjects\Guitarista-master\android\\gradle\wrapper\gradle-wrapper.jar
PATH=C:\Program Files (x86)\Common Files\Intel\Shared Libraries\redist\intel64\compiler;C:\WINDOWS\system32;C:\WINDOWS;C:\WINDOWS\System32\Wbem;C:\WINDOWS\System32\WindowsPowerShell\v1.0\;C:\WINDOWS\System32\OpenSSH\;C:\Program Files\Intel\WiFi\bin\;C:\Program Files\Common Files\Intel\WirelessCommon\;C:\MinGW\bin;D:\polyspace\runtime\win64;D:\polyspace\bin;D:\polyspace\polyspace\bin;C:\Program Files\dotnet\;C:\Program Files\NVIDIA Corporation\NVIDIA NvDLISR;D:\Programs\Node js\;C:\Users\hp\AppData\Local\Microsoft\WindowsApps;D:\flutter\Microsoft VS Code\bin;D:\SDK\DART\dart-sdk\bin;D:\SDK\flutter\bin;C:\Users\hp\AppData\Local\Android\Sdk;C:\Users\hp\AppData\Roaming\npm;D:\SDK\flutter\bin\mingit\cmd
USERNAME=hp
OS=Windows_NT
PROCESSOR_IDENTIFIER=Intel64 Family 6 Model 142 Stepping 11, GenuineIntel



---------------  S Y S T E M  ---------------

OS: Windows 10 , 64 bit Build 22000 (10.0.22000.434)
OS uptime: 0 days 23:18 hours

CPU:total 8 (initial active 8) (4 cores per cpu, 2 threads per core) family 6 model 142 stepping 11 microcode 0xde, cmov, cx8, fxsr, mmx, sse, sse2, sse3, ssse3, sse4.1, sse4.2, popcnt, avx, avx2, aes, clmul, erms, 3dnowpref, lzcnt, ht, tsc, tscinvbit, bmi1, bmi2, adx, fma

Memory: 4k page, system-wide physical 12109M (301M free)
TotalPageFile size 24173M (AvailPageFile size 0M)
current process WorkingSet (physical memory assigned to process): 213M, peak: 228M
current process commit charge ("private bytes"): 336M, peak: 350M

vm_info: OpenJDK 64-Bit Server VM (11.0.10+0-b96-7249189) for windows-amd64 JRE (11.0.10+0-b96-7249189), built on Mar 31 2021 21:44:00 by "builder" with MS VC++ 14.0 (VS2015)

END.
