#
# There is insufficient memory for the Java Runtime Environment to continue.
# Native memory allocation (malloc) failed to allocate 39216 bytes for Chunk::new
# Possible reasons:
#   The system is out of physical RAM or swap space
#   The process is running with CompressedOops enabled, and the Java Heap may be blocking the growth of the native heap
# Possible solutions:
#   Reduce memory load on the system
#   Increase physical memory or swap space
#   Check if swap backing store is full
#   Decrease Java heap size (-Xmx/-Xms)
#   Decrease number of Java threads
#   Decrease Java thread stack sizes (-Xss)
#   Set larger code cache with -XX:ReservedCodeCacheSize=
#   JVM is running with Zero Based Compressed Oops mode in which the Java heap is
#     placed in the first 32GB address space. The Java Heap base address is the
#     maximum limit for the native heap growth. Please use -XX:HeapBaseMinAddress
#     to set the Java Heap base and to place the Java Heap above 32GB virtual address.
# This output file may be truncated or incomplete.
#
#  Out of Memory Error (./src/hotspot/share/memory/arena.cpp:197), pid=22256, tid=16328
#
# JRE version: OpenJDK Runtime Environment (11.0.10) (build 11.0.10+0-b96-7249189)
# Java VM: OpenJDK 64-Bit Server VM (11.0.10+0-b96-7249189, mixed mode, tiered, compressed oops, g1 gc, windows-amd64)
# No core dump will be written. Minidumps are not enabled by default on client versions of Windows
#

---------------  S U M M A R Y ------------

Command Line: -Dorg.gradle.appname=gradlew org.gradle.wrapper.GradleWrapperMain -q -Ptarget-platform=android-x86 -Ptarget=C:\Users\hp\AndroidStudioProjects\Guitarista-master\lib\main.dart -Pbase-application-name=android.app.Application -Pdart-defines=Zmx1dHRlci5pbnNwZWN0b3Iuc3RydWN0dXJlZEVycm9ycz10cnVl,RkxVVFRFUl9XRUJfQVVUT19ERVRFQ1Q9dHJ1ZQ== -Pdart-obfuscation=false -Ptrack-widget-creation=true -Ptree-shake-icons=false -Pfilesystem-scheme=org-dartlang-root assembleDebug

Host: Intel(R) Core(TM) i7-8565U CPU @ 1.80GHz, 8 cores, 11G,  Windows 10 , 64 bit Build 22000 (10.0.22000.434)
Time: Sun May  1 18:00:20 2022 Afr. centrale Ouest elapsed time: 5.939433 seconds (0d 0h 0m 5s)

---------------  T H R E A D  ---------------

Current thread (0x000001a291f9a000):  JavaThread "C2 CompilerThread0" daemon [_thread_in_native, id=16328, stack(0x0000002297d00000,0x0000002297e00000)]


Current CompileTask:
C2:   5939 1165       4       com.esotericsoftware.kryo.io.Input::readUtf8 (90 bytes)

Stack: [0x0000002297d00000,0x0000002297e00000]
Native frames: (J=compiled Java code, j=interpreted, Vv=VM code, C=native code)
V  [jvm.dll+0x5ecfaa]
V  [jvm.dll+0x722bd5]
V  [jvm.dll+0x72412d]
V  [jvm.dll+0x7247e3]
V  [jvm.dll+0x242928]
V  [jvm.dll+0xbc4fc]
V  [jvm.dll+0xbca0c]
V  [jvm.dll+0x352d3b]
V  [jvm.dll+0x197a70]
V  [jvm.dll+0x1fb70e]
V  [jvm.dll+0x1fa7f4]
V  [jvm.dll+0x18354c]
V  [jvm.dll+0x208ee7]
V  [jvm.dll+0x207731]
V  [jvm.dll+0x6eb1cf]
V  [jvm.dll+0x6e3d45]
V  [jvm.dll+0x5ebe96]
C  [ucrtbase.dll+0x26c0c]
C  [KERNEL32.DLL+0x154e0]
C  [ntdll.dll+0x485b]


---------------  P R O C E S S  ---------------

Threads class SMR info:
_java_thread_list=0x000001a292d87510, length=13, elements={
0x000001a2f4d70000, 0x000001a291f57800, 0x000001a291f7c800, 0x000001a291f93000,
0x000001a291f94800, 0x000001a291f96800, 0x000001a291f9a000, 0x000001a291fe1000,
0x000001a291fea800, 0x000001a29214a000, 0x000001a29294c800, 0x000001a292509800,
0x000001a292e89800
}

Java Threads: ( => current thread )
  0x000001a2f4d70000 JavaThread "main" [_thread_blocked, id=18800, stack(0x0000002297100000,0x0000002297200000)]
  0x000001a291f57800 JavaThread "Reference Handler" daemon [_thread_blocked, id=10988, stack(0x0000002297800000,0x0000002297900000)]
  0x000001a291f7c800 JavaThread "Finalizer" daemon [_thread_blocked, id=21968, stack(0x0000002297900000,0x0000002297a00000)]
  0x000001a291f93000 JavaThread "Signal Dispatcher" daemon [_thread_blocked, id=21772, stack(0x0000002297a00000,0x0000002297b00000)]
  0x000001a291f94800 JavaThread "Attach Listener" daemon [_thread_blocked, id=9436, stack(0x0000002297b00000,0x0000002297c00000)]
  0x000001a291f96800 JavaThread "Service Thread" daemon [_thread_blocked, id=20132, stack(0x0000002297c00000,0x0000002297d00000)]
=>0x000001a291f9a000 JavaThread "C2 CompilerThread0" daemon [_thread_in_native, id=16328, stack(0x0000002297d00000,0x0000002297e00000)]
  0x000001a291fe1000 JavaThread "C1 CompilerThread0" daemon [_thread_blocked, id=13116, stack(0x0000002297e00000,0x0000002297f00000)]
  0x000001a291fea800 JavaThread "Sweeper thread" daemon [_thread_blocked, id=21120, stack(0x0000002297f00000,0x0000002298000000)]
  0x000001a29214a000 JavaThread "Common-Cleaner" daemon [_thread_blocked, id=8008, stack(0x0000002298100000,0x0000002298200000)]
  0x000001a29294c800 JavaThread "pool-1-thread-1" [_thread_in_native, id=21356, stack(0x0000002298300000,0x0000002298400000)]
  0x000001a292509800 JavaThread "DisconnectableInputStream source reader" daemon [_thread_in_native, id=22324, stack(0x0000002298900000,0x0000002298a00000)]
  0x000001a292e89800 JavaThread "Forward input" [_thread_blocked, id=6496, stack(0x0000002298a00000,0x0000002298b00000)]

Other Threads:
  0x000001a29174e000 VMThread "VM Thread" [stack: 0x0000002297700000,0x0000002297800000] [id=4932]
  0x000001a292142000 WatcherThread [stack: 0x0000002298000000,0x0000002298100000] [id=18536]
  0x000001a2f4d86800 GCTaskThread "GC Thread#0" [stack: 0x0000002297200000,0x0000002297300000] [id=10052]
  0x000001a292e23000 GCTaskThread "GC Thread#1" [stack: 0x0000002298400000,0x0000002298500000] [id=17152]
  0x000001a292e24000 GCTaskThread "GC Thread#2" [stack: 0x0000002298500000,0x0000002298600000] [id=16188]
  0x000001a292d96800 GCTaskThread "GC Thread#3" [stack: 0x0000002298600000,0x0000002298700000] [id=18348]
  0x000001a2f4dcd000 ConcurrentGCThread "G1 Main Marker" [stack: 0x0000002297300000,0x0000002297400000] [id=17436]
  0x000001a2f4dce800 ConcurrentGCThread "G1 Conc#0" [stack: 0x0000002297400000,0x0000002297500000] [id=22400]
  0x000001a2915ae800 ConcurrentGCThread "G1 Refine#0" [stack: 0x0000002297500000,0x0000002297600000] [id=22164]
  0x000001a2915b0000 ConcurrentGCThread "G1 Young RemSet Sampling" [stack: 0x0000002297600000,0x0000002297700000] [id=14412]

Threads with active compile tasks:
C2 CompilerThread0   6069 1165       4       com.esotericsoftware.kryo.io.Input::readUtf8 (90 bytes)

VM state:not at safepoint (normal execution)

VM Mutex/Monitor currently owned by a thread: None

Heap address: 0x0000000742c00000, size: 3028 MB, Compressed Oops mode: Zero based, Oop shift amount: 3
Narrow klass base: 0x0000000800000000, Narrow klass shift: 0
Compressed class space size: 1073741824 Address: 0x0000000800000000

Heap:
 garbage-first heap   total 194560K, used 20018K [0x0000000742c00000, 0x0000000800000000)
  region size 1024K, 15 young (15360K), 3 survivors (3072K)
 Metaspace       used 14912K, capacity 15304K, committed 15488K, reserved 1062912K
  class space    used 1716K, capacity 1825K, committed 1920K, reserved 1048576K
Heap Regions: E=young(eden), S=young(survivor), O=old, HS=humongous(starts), HC=humongous(continues), CS=collection set, F=free, A=archive, TAMS=top-at-mark-start (previous, next)
|   0|0x0000000742c00000, 0x0000000742c00000, 0x0000000742d00000|  0%| F|  |TAMS 0x0000000742c00000, 0x0000000742c00000| Untracked 
|   1|0x0000000742d00000, 0x0000000742d00000, 0x0000000742e00000|  0%| F|  |TAMS 0x0000000742d00000, 0x0000000742d00000| Untracked 
|   2|0x0000000742e00000, 0x0000000742e00000, 0x0000000742f00000|  0%| F|  |TAMS 0x0000000742e00000, 0x0000000742e00000| Untracked 
|   3|0x0000000742f00000, 0x0000000743000000, 0x0000000743000000|100%|HS|  |TAMS 0x0000000742f00000, 0x0000000742f00000| Complete 
|   4|0x0000000743000000, 0x0000000743100000, 0x0000000743100000|100%|HC|  |TAMS 0x0000000743000000, 0x0000000743000000| Complete 
|   5|0x0000000743100000, 0x0000000743200000, 0x0000000743200000|100%|HC|  |TAMS 0x0000000743100000, 0x0000000743100000| Complete 
|   6|0x0000000743200000, 0x0000000743300000, 0x0000000743300000|100%| O|  |TAMS 0x0000000743200000, 0x0000000743200000| Untracked 
|   7|0x0000000743300000, 0x0000000743400000, 0x0000000743400000|100%| O|  |TAMS 0x0000000743300000, 0x0000000743300000| Untracked 
|   8|0x0000000743400000, 0x000000074348ca00, 0x0000000743500000| 54%| O|  |TAMS 0x0000000743400000, 0x0000000743400000| Untracked 
|   9|0x0000000743500000, 0x0000000743500000, 0x0000000743600000|  0%| F|  |TAMS 0x0000000743500000, 0x0000000743500000| Untracked 
|  10|0x0000000743600000, 0x0000000743600000, 0x0000000743700000|  0%| F|  |TAMS 0x0000000743600000, 0x0000000743600000| Untracked 
|  11|0x0000000743700000, 0x0000000743700000, 0x0000000743800000|  0%| F|  |TAMS 0x0000000743700000, 0x0000000743700000| Untracked 
|  12|0x0000000743800000, 0x0000000743800000, 0x0000000743900000|  0%| F|  |TAMS 0x0000000743800000, 0x0000000743800000| Untracked 
|  13|0x0000000743900000, 0x0000000743900000, 0x0000000743a00000|  0%| F|  |TAMS 0x0000000743900000, 0x0000000743900000| Untracked 
|  14|0x0000000743a00000, 0x0000000743a00000, 0x0000000743b00000|  0%| F|  |TAMS 0x0000000743a00000, 0x0000000743a00000| Untracked 
|  15|0x0000000743b00000, 0x0000000743b00000, 0x0000000743c00000|  0%| F|  |TAMS 0x0000000743b00000, 0x0000000743b00000| Untracked 
|  16|0x0000000743c00000, 0x0000000743c00000, 0x0000000743d00000|  0%| F|  |TAMS 0x0000000743c00000, 0x0000000743c00000| Untracked 
|  17|0x0000000743d00000, 0x0000000743d00000, 0x0000000743e00000|  0%| F|  |TAMS 0x0000000743d00000, 0x0000000743d00000| Untracked 
|  18|0x0000000743e00000, 0x0000000743e00000, 0x0000000743f00000|  0%| F|  |TAMS 0x0000000743e00000, 0x0000000743e00000| Untracked 
|  19|0x0000000743f00000, 0x0000000743f00000, 0x0000000744000000|  0%| F|  |TAMS 0x0000000743f00000, 0x0000000743f00000| Untracked 
|  20|0x0000000744000000, 0x0000000744000000, 0x0000000744100000|  0%| F|  |TAMS 0x0000000744000000, 0x0000000744000000| Untracked 
|  21|0x0000000744100000, 0x0000000744100000, 0x0000000744200000|  0%| F|  |TAMS 0x0000000744100000, 0x0000000744100000| Untracked 
|  22|0x0000000744200000, 0x0000000744200000, 0x0000000744300000|  0%| F|  |TAMS 0x0000000744200000, 0x0000000744200000| Untracked 
|  23|0x0000000744300000, 0x0000000744300000, 0x0000000744400000|  0%| F|  |TAMS 0x0000000744300000, 0x0000000744300000| Untracked 
|  24|0x0000000744400000, 0x0000000744400000, 0x0000000744500000|  0%| F|  |TAMS 0x0000000744400000, 0x0000000744400000| Untracked 
|  25|0x0000000744500000, 0x0000000744500000, 0x0000000744600000|  0%| F|  |TAMS 0x0000000744500000, 0x0000000744500000| Untracked 
|  26|0x0000000744600000, 0x0000000744600000, 0x0000000744700000|  0%| F|  |TAMS 0x0000000744600000, 0x0000000744600000| Untracked 
|  27|0x0000000744700000, 0x0000000744700000, 0x0000000744800000|  0%| F|  |TAMS 0x0000000744700000, 0x0000000744700000| Untracked 
|  28|0x0000000744800000, 0x0000000744800000, 0x0000000744900000|  0%| F|  |TAMS 0x0000000744800000, 0x0000000744800000| Untracked 
|  29|0x0000000744900000, 0x0000000744900000, 0x0000000744a00000|  0%| F|  |TAMS 0x0000000744900000, 0x0000000744900000| Untracked 
|  30|0x0000000744a00000, 0x0000000744a00000, 0x0000000744b00000|  0%| F|  |TAMS 0x0000000744a00000, 0x0000000744a00000| Untracked 
|  31|0x0000000744b00000, 0x0000000744b00000, 0x0000000744c00000|  0%| F|  |TAMS 0x0000000744b00000, 0x0000000744b00000| Untracked 
|  32|0x0000000744c00000, 0x0000000744c00000, 0x0000000744d00000|  0%| F|  |TAMS 0x0000000744c00000, 0x0000000744c00000| Untracked 
|  33|0x0000000744d00000, 0x0000000744d00000, 0x0000000744e00000|  0%| F|  |TAMS 0x0000000744d00000, 0x0000000744d00000| Untracked 
|  34|0x0000000744e00000, 0x0000000744e00000, 0x0000000744f00000|  0%| F|  |TAMS 0x0000000744e00000, 0x0000000744e00000| Untracked 
|  35|0x0000000744f00000, 0x0000000744f00000, 0x0000000745000000|  0%| F|  |TAMS 0x0000000744f00000, 0x0000000744f00000| Untracked 
|  36|0x0000000745000000, 0x0000000745000000, 0x0000000745100000|  0%| F|  |TAMS 0x0000000745000000, 0x0000000745000000| Untracked 
|  37|0x0000000745100000, 0x0000000745100000, 0x0000000745200000|  0%| F|  |TAMS 0x0000000745100000, 0x0000000745100000| Untracked 
|  38|0x0000000745200000, 0x0000000745200000, 0x0000000745300000|  0%| F|  |TAMS 0x0000000745200000, 0x0000000745200000| Untracked 
|  39|0x0000000745300000, 0x0000000745300000, 0x0000000745400000|  0%| F|  |TAMS 0x0000000745300000, 0x0000000745300000| Untracked 
|  40|0x0000000745400000, 0x0000000745400000, 0x0000000745500000|  0%| F|  |TAMS 0x0000000745400000, 0x0000000745400000| Untracked 
|  41|0x0000000745500000, 0x0000000745500000, 0x0000000745600000|  0%| F|  |TAMS 0x0000000745500000, 0x0000000745500000| Untracked 
|  42|0x0000000745600000, 0x0000000745600000, 0x0000000745700000|  0%| F|  |TAMS 0x0000000745600000, 0x0000000745600000| Untracked 
|  43|0x0000000745700000, 0x0000000745700000, 0x0000000745800000|  0%| F|  |TAMS 0x0000000745700000, 0x0000000745700000| Untracked 
|  44|0x0000000745800000, 0x0000000745800000, 0x0000000745900000|  0%| F|  |TAMS 0x0000000745800000, 0x0000000745800000| Untracked 
|  45|0x0000000745900000, 0x0000000745900000, 0x0000000745a00000|  0%| F|  |TAMS 0x0000000745900000, 0x0000000745900000| Untracked 
|  46|0x0000000745a00000, 0x0000000745a00000, 0x0000000745b00000|  0%| F|  |TAMS 0x0000000745a00000, 0x0000000745a00000| Untracked 
|  47|0x0000000745b00000, 0x0000000745b00000, 0x0000000745c00000|  0%| F|  |TAMS 0x0000000745b00000, 0x0000000745b00000| Untracked 
|  48|0x0000000745c00000, 0x0000000745c00000, 0x0000000745d00000|  0%| F|  |TAMS 0x0000000745c00000, 0x0000000745c00000| Untracked 
|  49|0x0000000745d00000, 0x0000000745d00000, 0x0000000745e00000|  0%| F|  |TAMS 0x0000000745d00000, 0x0000000745d00000| Untracked 
|  50|0x0000000745e00000, 0x0000000745e00000, 0x0000000745f00000|  0%| F|  |TAMS 0x0000000745e00000, 0x0000000745e00000| Untracked 
|  51|0x0000000745f00000, 0x0000000745f00000, 0x0000000746000000|  0%| F|  |TAMS 0x0000000745f00000, 0x0000000745f00000| Untracked 
|  52|0x0000000746000000, 0x0000000746000000, 0x0000000746100000|  0%| F|  |TAMS 0x0000000746000000, 0x0000000746000000| Untracked 
|  53|0x0000000746100000, 0x0000000746100000, 0x0000000746200000|  0%| F|  |TAMS 0x0000000746100000, 0x0000000746100000| Untracked 
|  54|0x0000000746200000, 0x0000000746200000, 0x0000000746300000|  0%| F|  |TAMS 0x0000000746200000, 0x0000000746200000| Untracked 
|  55|0x0000000746300000, 0x0000000746300000, 0x0000000746400000|  0%| F|  |TAMS 0x0000000746300000, 0x0000000746300000| Untracked 
|  56|0x0000000746400000, 0x0000000746400000, 0x0000000746500000|  0%| F|  |TAMS 0x0000000746400000, 0x0000000746400000| Untracked 
|  57|0x0000000746500000, 0x0000000746500000, 0x0000000746600000|  0%| F|  |TAMS 0x0000000746500000, 0x0000000746500000| Untracked 
|  58|0x0000000746600000, 0x0000000746600000, 0x0000000746700000|  0%| F|  |TAMS 0x0000000746600000, 0x0000000746600000| Untracked 
|  59|0x0000000746700000, 0x0000000746700000, 0x0000000746800000|  0%| F|  |TAMS 0x0000000746700000, 0x0000000746700000| Untracked 
|  60|0x0000000746800000, 0x0000000746800000, 0x0000000746900000|  0%| F|  |TAMS 0x0000000746800000, 0x0000000746800000| Untracked 
|  61|0x0000000746900000, 0x0000000746900000, 0x0000000746a00000|  0%| F|  |TAMS 0x0000000746900000, 0x0000000746900000| Untracked 
|  62|0x0000000746a00000, 0x0000000746a00000, 0x0000000746b00000|  0%| F|  |TAMS 0x0000000746a00000, 0x0000000746a00000| Untracked 
|  63|0x0000000746b00000, 0x0000000746b00000, 0x0000000746c00000|  0%| F|  |TAMS 0x0000000746b00000, 0x0000000746b00000| Untracked 
|  64|0x0000000746c00000, 0x0000000746c00000, 0x0000000746d00000|  0%| F|  |TAMS 0x0000000746c00000, 0x0000000746c00000| Untracked 
|  65|0x0000000746d00000, 0x0000000746d00000, 0x0000000746e00000|  0%| F|  |TAMS 0x0000000746d00000, 0x0000000746d00000| Untracked 
|  66|0x0000000746e00000, 0x0000000746e00000, 0x0000000746f00000|  0%| F|  |TAMS 0x0000000746e00000, 0x0000000746e00000| Untracked 
|  67|0x0000000746f00000, 0x0000000746f00000, 0x0000000747000000|  0%| F|  |TAMS 0x0000000746f00000, 0x0000000746f00000| Untracked 
|  68|0x0000000747000000, 0x0000000747000000, 0x0000000747100000|  0%| F|  |TAMS 0x0000000747000000, 0x0000000747000000| Untracked 
|  69|0x0000000747100000, 0x0000000747100000, 0x0000000747200000|  0%| F|  |TAMS 0x0000000747100000, 0x0000000747100000| Untracked 
|  70|0x0000000747200000, 0x0000000747200000, 0x0000000747300000|  0%| F|  |TAMS 0x0000000747200000, 0x0000000747200000| Untracked 
|  71|0x0000000747300000, 0x0000000747300000, 0x0000000747400000|  0%| F|  |TAMS 0x0000000747300000, 0x0000000747300000| Untracked 
|  72|0x0000000747400000, 0x0000000747400000, 0x0000000747500000|  0%| F|  |TAMS 0x0000000747400000, 0x0000000747400000| Untracked 
|  73|0x0000000747500000, 0x0000000747500000, 0x0000000747600000|  0%| F|  |TAMS 0x0000000747500000, 0x0000000747500000| Untracked 
|  74|0x0000000747600000, 0x0000000747600000, 0x0000000747700000|  0%| F|  |TAMS 0x0000000747600000, 0x0000000747600000| Untracked 
|  75|0x0000000747700000, 0x0000000747700000, 0x0000000747800000|  0%| F|  |TAMS 0x0000000747700000, 0x0000000747700000| Untracked 
|  76|0x0000000747800000, 0x0000000747800000, 0x0000000747900000|  0%| F|  |TAMS 0x0000000747800000, 0x0000000747800000| Untracked 
|  77|0x0000000747900000, 0x0000000747900000, 0x0000000747a00000|  0%| F|  |TAMS 0x0000000747900000, 0x0000000747900000| Untracked 
|  78|0x0000000747a00000, 0x0000000747a00000, 0x0000000747b00000|  0%| F|  |TAMS 0x0000000747a00000, 0x0000000747a00000| Untracked 
|  79|0x0000000747b00000, 0x0000000747b00000, 0x0000000747c00000|  0%| F|  |TAMS 0x0000000747b00000, 0x0000000747b00000| Untracked 
|  80|0x0000000747c00000, 0x0000000747c00000, 0x0000000747d00000|  0%| F|  |TAMS 0x0000000747c00000, 0x0000000747c00000| Untracked 
|  81|0x0000000747d00000, 0x0000000747d00000, 0x0000000747e00000|  0%| F|  |TAMS 0x0000000747d00000, 0x0000000747d00000| Untracked 
|  82|0x0000000747e00000, 0x0000000747e00000, 0x0000000747f00000|  0%| F|  |TAMS 0x0000000747e00000, 0x0000000747e00000| Untracked 
|  83|0x0000000747f00000, 0x0000000747f00000, 0x0000000748000000|  0%| F|  |TAMS 0x0000000747f00000, 0x0000000747f00000| Untracked 
|  84|0x0000000748000000, 0x0000000748000000, 0x0000000748100000|  0%| F|  |TAMS 0x0000000748000000, 0x0000000748000000| Untracked 
|  85|0x0000000748100000, 0x0000000748100000, 0x0000000748200000|  0%| F|  |TAMS 0x0000000748100000, 0x0000000748100000| Untracked 
|  86|0x0000000748200000, 0x0000000748200000, 0x0000000748300000|  0%| F|  |TAMS 0x0000000748200000, 0x0000000748200000| Untracked 
|  87|0x0000000748300000, 0x0000000748300000, 0x0000000748400000|  0%| F|  |TAMS 0x0000000748300000, 0x0000000748300000| Untracked 
|  88|0x0000000748400000, 0x0000000748400000, 0x0000000748500000|  0%| F|  |TAMS 0x0000000748400000, 0x0000000748400000| Untracked 
|  89|0x0000000748500000, 0x0000000748500000, 0x0000000748600000|  0%| F|  |TAMS 0x0000000748500000, 0x0000000748500000| Untracked 
|  90|0x0000000748600000, 0x0000000748600000, 0x0000000748700000|  0%| F|  |TAMS 0x0000000748600000, 0x0000000748600000| Untracked 
|  91|0x0000000748700000, 0x0000000748700000, 0x0000000748800000|  0%| F|  |TAMS 0x0000000748700000, 0x0000000748700000| Untracked 
|  92|0x0000000748800000, 0x0000000748800000, 0x0000000748900000|  0%| F|  |TAMS 0x0000000748800000, 0x0000000748800000| Untracked 
|  93|0x0000000748900000, 0x0000000748900000, 0x0000000748a00000|  0%| F|  |TAMS 0x0000000748900000, 0x0000000748900000| Untracked 
|  94|0x0000000748a00000, 0x0000000748a00000, 0x0000000748b00000|  0%| F|  |TAMS 0x0000000748a00000, 0x0000000748a00000| Untracked 
|  95|0x0000000748b00000, 0x0000000748b00000, 0x0000000748c00000|  0%| F|  |TAMS 0x0000000748b00000, 0x0000000748b00000| Untracked 
|  96|0x0000000748c00000, 0x0000000748c00000, 0x0000000748d00000|  0%| F|  |TAMS 0x0000000748c00000, 0x0000000748c00000| Untracked 
|  97|0x0000000748d00000, 0x0000000748d00000, 0x0000000748e00000|  0%| F|  |TAMS 0x0000000748d00000, 0x0000000748d00000| Untracked 
|  98|0x0000000748e00000, 0x0000000748e00000, 0x0000000748f00000|  0%| F|  |TAMS 0x0000000748e00000, 0x0000000748e00000| Untracked 
|  99|0x0000000748f00000, 0x0000000748f00000, 0x0000000749000000|  0%| F|  |TAMS 0x0000000748f00000, 0x0000000748f00000| Untracked 
| 100|0x0000000749000000, 0x0000000749000000, 0x0000000749100000|  0%| F|  |TAMS 0x0000000749000000, 0x0000000749000000| Untracked 
| 101|0x0000000749100000, 0x0000000749100000, 0x0000000749200000|  0%| F|  |TAMS 0x0000000749100000, 0x0000000749100000| Untracked 
| 102|0x0000000749200000, 0x0000000749200000, 0x0000000749300000|  0%| F|  |TAMS 0x0000000749200000, 0x0000000749200000| Untracked 
| 103|0x0000000749300000, 0x0000000749300000, 0x0000000749400000|  0%| F|  |TAMS 0x0000000749300000, 0x0000000749300000| Untracked 
| 104|0x0000000749400000, 0x0000000749400000, 0x0000000749500000|  0%| F|  |TAMS 0x0000000749400000, 0x0000000749400000| Untracked 
| 105|0x0000000749500000, 0x0000000749500000, 0x0000000749600000|  0%| F|  |TAMS 0x0000000749500000, 0x0000000749500000| Untracked 
| 106|0x0000000749600000, 0x0000000749600000, 0x0000000749700000|  0%| F|  |TAMS 0x0000000749600000, 0x0000000749600000| Untracked 
| 107|0x0000000749700000, 0x0000000749700000, 0x0000000749800000|  0%| F|  |TAMS 0x0000000749700000, 0x0000000749700000| Untracked 
| 108|0x0000000749800000, 0x0000000749800000, 0x0000000749900000|  0%| F|  |TAMS 0x0000000749800000, 0x0000000749800000| Untracked 
| 109|0x0000000749900000, 0x0000000749900000, 0x0000000749a00000|  0%| F|  |TAMS 0x0000000749900000, 0x0000000749900000| Untracked 
| 110|0x0000000749a00000, 0x0000000749a00000, 0x0000000749b00000|  0%| F|  |TAMS 0x0000000749a00000, 0x0000000749a00000| Untracked 
| 111|0x0000000749b00000, 0x0000000749b00000, 0x0000000749c00000|  0%| F|  |TAMS 0x0000000749b00000, 0x0000000749b00000| Untracked 
| 112|0x0000000749c00000, 0x0000000749c00000, 0x0000000749d00000|  0%| F|  |TAMS 0x0000000749c00000, 0x0000000749c00000| Untracked 
| 113|0x0000000749d00000, 0x0000000749d00000, 0x0000000749e00000|  0%| F|  |TAMS 0x0000000749d00000, 0x0000000749d00000| Untracked 
| 114|0x0000000749e00000, 0x0000000749e00000, 0x0000000749f00000|  0%| F|  |TAMS 0x0000000749e00000, 0x0000000749e00000| Untracked 
| 115|0x0000000749f00000, 0x0000000749f00000, 0x000000074a000000|  0%| F|  |TAMS 0x0000000749f00000, 0x0000000749f00000| Untracked 
| 116|0x000000074a000000, 0x000000074a000000, 0x000000074a100000|  0%| F|  |TAMS 0x000000074a000000, 0x000000074a000000| Untracked 
| 117|0x000000074a100000, 0x000000074a100000, 0x000000074a200000|  0%| F|  |TAMS 0x000000074a100000, 0x000000074a100000| Untracked 
| 118|0x000000074a200000, 0x000000074a200000, 0x000000074a300000|  0%| F|  |TAMS 0x000000074a200000, 0x000000074a200000| Untracked 
| 119|0x000000074a300000, 0x000000074a300000, 0x000000074a400000|  0%| F|  |TAMS 0x000000074a300000, 0x000000074a300000| Untracked 
| 120|0x000000074a400000, 0x000000074a400000, 0x000000074a500000|  0%| F|  |TAMS 0x000000074a400000, 0x000000074a400000| Untracked 
| 121|0x000000074a500000, 0x000000074a500000, 0x000000074a600000|  0%| F|  |TAMS 0x000000074a500000, 0x000000074a500000| Untracked 
| 122|0x000000074a600000, 0x000000074a600000, 0x000000074a700000|  0%| F|  |TAMS 0x000000074a600000, 0x000000074a600000| Untracked 
| 123|0x000000074a700000, 0x000000074a700000, 0x000000074a800000|  0%| F|  |TAMS 0x000000074a700000, 0x000000074a700000| Untracked 
| 124|0x000000074a800000, 0x000000074a800000, 0x000000074a900000|  0%| F|  |TAMS 0x000000074a800000, 0x000000074a800000| Untracked 
| 125|0x000000074a900000, 0x000000074a900000, 0x000000074aa00000|  0%| F|  |TAMS 0x000000074a900000, 0x000000074a900000| Untracked 
| 126|0x000000074aa00000, 0x000000074aa00000, 0x000000074ab00000|  0%| F|  |TAMS 0x000000074aa00000, 0x000000074aa00000| Untracked 
| 127|0x000000074ab00000, 0x000000074ab00000, 0x000000074ac00000|  0%| F|  |TAMS 0x000000074ab00000, 0x000000074ab00000| Untracked 
| 128|0x000000074ac00000, 0x000000074ac00000, 0x000000074ad00000|  0%| F|  |TAMS 0x000000074ac00000, 0x000000074ac00000| Untracked 
| 129|0x000000074ad00000, 0x000000074ad00000, 0x000000074ae00000|  0%| F|  |TAMS 0x000000074ad00000, 0x000000074ad00000| Untracked 
| 130|0x000000074ae00000, 0x000000074ae00000, 0x000000074af00000|  0%| F|  |TAMS 0x000000074ae00000, 0x000000074ae00000| Untracked 
| 131|0x000000074af00000, 0x000000074af00000, 0x000000074b000000|  0%| F|  |TAMS 0x000000074af00000, 0x000000074af00000| Untracked 
| 132|0x000000074b000000, 0x000000074b000000, 0x000000074b100000|  0%| F|  |TAMS 0x000000074b000000, 0x000000074b000000| Untracked 
| 133|0x000000074b100000, 0x000000074b100000, 0x000000074b200000|  0%| F|  |TAMS 0x000000074b100000, 0x000000074b100000| Untracked 
| 134|0x000000074b200000, 0x000000074b200000, 0x000000074b300000|  0%| F|  |TAMS 0x000000074b200000, 0x000000074b200000| Untracked 
| 135|0x000000074b300000, 0x000000074b300000, 0x000000074b400000|  0%| F|  |TAMS 0x000000074b300000, 0x000000074b300000| Untracked 
| 136|0x000000074b400000, 0x000000074b400000, 0x000000074b500000|  0%| F|  |TAMS 0x000000074b400000, 0x000000074b400000| Untracked 
| 137|0x000000074b500000, 0x000000074b500000, 0x000000074b600000|  0%| F|  |TAMS 0x000000074b500000, 0x000000074b500000| Untracked 
| 138|0x000000074b600000, 0x000000074b600000, 0x000000074b700000|  0%| F|  |TAMS 0x000000074b600000, 0x000000074b600000| Untracked 
| 139|0x000000074b700000, 0x000000074b700000, 0x000000074b800000|  0%| F|  |TAMS 0x000000074b700000, 0x000000074b700000| Untracked 
| 140|0x000000074b800000, 0x000000074b800000, 0x000000074b900000|  0%| F|  |TAMS 0x000000074b800000, 0x000000074b800000| Untracked 
| 141|0x000000074b900000, 0x000000074b900000, 0x000000074ba00000|  0%| F|  |TAMS 0x000000074b900000, 0x000000074b900000| Untracked 
| 142|0x000000074ba00000, 0x000000074ba00000, 0x000000074bb00000|  0%| F|  |TAMS 0x000000074ba00000, 0x000000074ba00000| Untracked 
| 143|0x000000074bb00000, 0x000000074bb00000, 0x000000074bc00000|  0%| F|  |TAMS 0x000000074bb00000, 0x000000074bb00000| Untracked 
| 144|0x000000074bc00000, 0x000000074bc00000, 0x000000074bd00000|  0%| F|  |TAMS 0x000000074bc00000, 0x000000074bc00000| Untracked 
| 145|0x000000074bd00000, 0x000000074bd00000, 0x000000074be00000|  0%| F|  |TAMS 0x000000074bd00000, 0x000000074bd00000| Untracked 
| 146|0x000000074be00000, 0x000000074be00000, 0x000000074bf00000|  0%| F|  |TAMS 0x000000074be00000, 0x000000074be00000| Untracked 
| 147|0x000000074bf00000, 0x000000074bf00000, 0x000000074c000000|  0%| F|  |TAMS 0x000000074bf00000, 0x000000074bf00000| Untracked 
| 148|0x000000074c000000, 0x000000074c000000, 0x000000074c100000|  0%| F|  |TAMS 0x000000074c000000, 0x000000074c000000| Untracked 
| 149|0x000000074c100000, 0x000000074c100000, 0x000000074c200000|  0%| F|  |TAMS 0x000000074c100000, 0x000000074c100000| Untracked 
| 150|0x000000074c200000, 0x000000074c200000, 0x000000074c300000|  0%| F|  |TAMS 0x000000074c200000, 0x000000074c200000| Untracked 
| 151|0x000000074c300000, 0x000000074c300000, 0x000000074c400000|  0%| F|  |TAMS 0x000000074c300000, 0x000000074c300000| Untracked 
| 152|0x000000074c400000, 0x000000074c400000, 0x000000074c500000|  0%| F|  |TAMS 0x000000074c400000, 0x000000074c400000| Untracked 
| 153|0x000000074c500000, 0x000000074c500000, 0x000000074c600000|  0%| F|  |TAMS 0x000000074c500000, 0x000000074c500000| Untracked 
| 154|0x000000074c600000, 0x000000074c600000, 0x000000074c700000|  0%| F|  |TAMS 0x000000074c600000, 0x000000074c600000| Untracked 
| 155|0x000000074c700000, 0x000000074c700000, 0x000000074c800000|  0%| F|  |TAMS 0x000000074c700000, 0x000000074c700000| Untracked 
| 156|0x000000074c800000, 0x000000074c800000, 0x000000074c900000|  0%| F|  |TAMS 0x000000074c800000, 0x000000074c800000| Untracked 
| 157|0x000000074c900000, 0x000000074c900000, 0x000000074ca00000|  0%| F|  |TAMS 0x000000074c900000, 0x000000074c900000| Untracked 
| 158|0x000000074ca00000, 0x000000074ca00000, 0x000000074cb00000|  0%| F|  |TAMS 0x000000074ca00000, 0x000000074ca00000| Untracked 
| 159|0x000000074cb00000, 0x000000074cb00000, 0x000000074cc00000|  0%| F|  |TAMS 0x000000074cb00000, 0x000000074cb00000| Untracked 
| 160|0x000000074cc00000, 0x000000074cc00000, 0x000000074cd00000|  0%| F|  |TAMS 0x000000074cc00000, 0x000000074cc00000| Untracked 
| 161|0x000000074cd00000, 0x000000074cd00000, 0x000000074ce00000|  0%| F|  |TAMS 0x000000074cd00000, 0x000000074cd00000| Untracked 
| 162|0x000000074ce00000, 0x000000074ce00000, 0x000000074cf00000|  0%| F|  |TAMS 0x000000074ce00000, 0x000000074ce00000| Untracked 
| 163|0x000000074cf00000, 0x000000074d000000, 0x000000074d000000|100%| S|CS|TAMS 0x000000074cf00000, 0x000000074cf00000| Complete 
| 164|0x000000074d000000, 0x000000074d100000, 0x000000074d100000|100%| S|CS|TAMS 0x000000074d000000, 0x000000074d000000| Complete 
| 165|0x000000074d100000, 0x000000074d200000, 0x000000074d200000|100%| S|CS|TAMS 0x000000074d100000, 0x000000074d100000| Complete 
| 166|0x000000074d200000, 0x000000074d200000, 0x000000074d300000|  0%| F|  |TAMS 0x000000074d200000, 0x000000074d200000| Untracked 
| 167|0x000000074d300000, 0x000000074d300000, 0x000000074d400000|  0%| F|  |TAMS 0x000000074d300000, 0x000000074d300000| Untracked 
| 168|0x000000074d400000, 0x000000074d400000, 0x000000074d500000|  0%| F|  |TAMS 0x000000074d400000, 0x000000074d400000| Untracked 
| 169|0x000000074d500000, 0x000000074d500000, 0x000000074d600000|  0%| F|  |TAMS 0x000000074d500000, 0x000000074d500000| Untracked 
| 170|0x000000074d600000, 0x000000074d600000, 0x000000074d700000|  0%| F|  |TAMS 0x000000074d600000, 0x000000074d600000| Untracked 
| 171|0x000000074d700000, 0x000000074d700000, 0x000000074d800000|  0%| F|  |TAMS 0x000000074d700000, 0x000000074d700000| Untracked 
| 172|0x000000074d800000, 0x000000074d800000, 0x000000074d900000|  0%| F|  |TAMS 0x000000074d800000, 0x000000074d800000| Untracked 
| 173|0x000000074d900000, 0x000000074d900000, 0x000000074da00000|  0%| F|  |TAMS 0x000000074d900000, 0x000000074d900000| Untracked 
| 174|0x000000074da00000, 0x000000074da00000, 0x000000074db00000|  0%| F|  |TAMS 0x000000074da00000, 0x000000074da00000| Untracked 
| 175|0x000000074db00000, 0x000000074db00000, 0x000000074dc00000|  0%| F|  |TAMS 0x000000074db00000, 0x000000074db00000| Untracked 
| 176|0x000000074dc00000, 0x000000074dc00000, 0x000000074dd00000|  0%| F|  |TAMS 0x000000074dc00000, 0x000000074dc00000| Untracked 
| 177|0x000000074dd00000, 0x000000074dd00000, 0x000000074de00000|  0%| F|  |TAMS 0x000000074dd00000, 0x000000074dd00000| Untracked 
| 178|0x000000074de00000, 0x000000074de80800, 0x000000074df00000| 50%| E|  |TAMS 0x000000074de00000, 0x000000074de00000| Complete 
| 179|0x000000074df00000, 0x000000074e000000, 0x000000074e000000|100%| E|CS|TAMS 0x000000074df00000, 0x000000074df00000| Complete 
| 180|0x000000074e000000, 0x000000074e100000, 0x000000074e100000|100%| E|CS|TAMS 0x000000074e000000, 0x000000074e000000| Complete 
| 181|0x000000074e100000, 0x000000074e200000, 0x000000074e200000|100%| E|CS|TAMS 0x000000074e100000, 0x000000074e100000| Complete 
| 182|0x000000074e200000, 0x000000074e300000, 0x000000074e300000|100%| E|CS|TAMS 0x000000074e200000, 0x000000074e200000| Complete 
| 183|0x000000074e300000, 0x000000074e400000, 0x000000074e400000|100%| E|CS|TAMS 0x000000074e300000, 0x000000074e300000| Complete 
| 184|0x000000074e400000, 0x000000074e500000, 0x000000074e500000|100%| E|CS|TAMS 0x000000074e400000, 0x000000074e400000| Complete 
| 185|0x000000074e500000, 0x000000074e600000, 0x000000074e600000|100%| E|CS|TAMS 0x000000074e500000, 0x000000074e500000| Complete 
| 186|0x000000074e600000, 0x000000074e700000, 0x000000074e700000|100%| E|CS|TAMS 0x000000074e600000, 0x000000074e600000| Complete 
| 187|0x000000074e700000, 0x000000074e800000, 0x000000074e800000|100%| E|CS|TAMS 0x000000074e700000, 0x000000074e700000| Complete 
| 188|0x000000074e800000, 0x000000074e900000, 0x000000074e900000|100%| E|CS|TAMS 0x000000074e800000, 0x000000074e800000| Complete 
| 189|0x000000074e900000, 0x000000074ea00000, 0x000000074ea00000|100%| E|CS|TAMS 0x000000074e900000, 0x000000074e900000| Complete 

Card table byte_map: [0x000001a2f9180000,0x000001a2f9770000] _byte_map_base: 0x000001a2f576a000

Marking Bits (Prev, Next): (CMBitMap*) 0x000001a2f4dc0378, (CMBitMap*) 0x000001a2f4dc03b0
 Prev Bits: [0x000001a2f9d60000, 0x000001a2fccb0000)
 Next Bits: [0x000001a2fccb0000, 0x000001a2ffc00000)

Polling page: 0x000001a2f2cb0000

Metaspace:

Usage:
  Non-class:     13.16 MB capacity,    12.89 MB ( 98%) used,   262.91 KB (  2%) free+waste,    19.88 KB ( <1%) overhead. 
      Class:      1.78 MB capacity,     1.68 MB ( 94%) used,    98.88 KB (  5%) free+waste,     9.63 KB ( <1%) overhead. 
       Both:     14.95 MB capacity,    14.56 MB ( 97%) used,   361.80 KB (  2%) free+waste,    29.50 KB ( <1%) overhead. 

Virtual space:
  Non-class space:       14.00 MB reserved,      13.25 MB ( 95%) committed 
      Class space:        1.00 GB reserved,       1.88 MB ( <1%) committed 
             Both:        1.01 GB reserved,      15.13 MB (  1%) committed 

Chunk freelists:
   Non-Class:  25.00 KB
       Class:  0 bytes
        Both:  25.00 KB

MaxMetaspaceSize: 17179869184.00 GB
CompressedClassSpaceSize: 1.00 GB

CodeHeap 'non-profiled nmethods': size=120000Kb used=389Kb max_used=389Kb free=119610Kb
 bounds [0x000001a287ad0000, 0x000001a287d40000, 0x000001a28f000000]
CodeHeap 'profiled nmethods': size=120000Kb used=2137Kb max_used=2137Kb free=117863Kb
 bounds [0x000001a2805a0000, 0x000001a280810000, 0x000001a287ad0000]
CodeHeap 'non-nmethods': size=5760Kb used=1109Kb max_used=1121Kb free=4650Kb
 bounds [0x000001a280000000, 0x000001a280270000, 0x000001a2805a0000]
 total_blobs=1607 nmethods=1187 adapters=332
 compilation: enabled
              stopped_count=0, restarted_count=0
 full_count=0

Compilation events (20 events):
Event: 5.920 Thread 0x000001a291fe1000 1174       3       org.gradle.internal.serialize.Serializers$StatefulSerializerAdapter$1::read (17 bytes)
Event: 5.920 Thread 0x000001a291fe1000 nmethod 1174 0x000001a2807b2710 code [0x000001a2807b28e0, 0x000001a2807b2ae8]
Event: 5.920 Thread 0x000001a291fe1000 1175   !   3       org.gradle.internal.serialize.kryo.KryoBackedDecoder::readLong (15 bytes)
Event: 5.921 Thread 0x000001a291fe1000 nmethod 1175 0x000001a2807b2c10 code [0x000001a2807b2e20, 0x000001a2807b33e8]
Event: 5.921 Thread 0x000001a291fe1000 1176       3       com.esotericsoftware.kryo.io.Input::readLong (181 bytes)
Event: 5.921 Thread 0x000001a291fe1000 nmethod 1176 0x000001a2807b3610 code [0x000001a2807b37e0, 0x000001a2807b3b08]
Event: 5.921 Thread 0x000001a291fe1000 1177       3       org.gradle.launcher.daemon.client.DaemonClientConnection::receive (5 bytes)
Event: 5.922 Thread 0x000001a291fe1000 nmethod 1177 0x000001a2807b3c90 code [0x000001a2807b3e40, 0x000001a2807b3f68]
Event: 5.922 Thread 0x000001a291fe1000 1178       3       org.gradle.launcher.daemon.protocol.DaemonMessageSerializer$OutputMessageSerializer::read (6 bytes)
Event: 5.922 Thread 0x000001a291fe1000 nmethod 1178 0x000001a2807b4010 code [0x000001a2807b4200, 0x000001a2807b4728]
Event: 5.922 Thread 0x000001a291fe1000 1179       3       org.gradle.launcher.daemon.protocol.DaemonMessageSerializer$OutputMessageSerializer::read (21 bytes)
Event: 5.922 Thread 0x000001a291fe1000 nmethod 1179 0x000001a2807b4910 code [0x000001a2807b4b00, 0x000001a2807b4fc8]
Event: 5.922 Thread 0x000001a291fe1000 1180       3       org.gradle.launcher.daemon.protocol.OutputMessage::<init> (10 bytes)
Event: 5.922 Thread 0x000001a291fe1000 nmethod 1180 0x000001a2807b5190 code [0x000001a2807b5340, 0x000001a2807b5558]
Event: 5.923 Thread 0x000001a291fe1000 1186       3       java.nio.ByteBuffer::clear (7 bytes)
Event: 5.923 Thread 0x000001a291fe1000 nmethod 1186 0x000001a2807b5690 code [0x000001a2807b5840, 0x000001a2807b59b8]
Event: 5.924 Thread 0x000001a291fe1000 1187       3       java.nio.Buffer::remaining (20 bytes)
Event: 5.924 Thread 0x000001a291fe1000 nmethod 1187 0x000001a2807b5a90 code [0x000001a2807b5c40, 0x000001a2807b5d98]
Event: 5.926 Thread 0x000001a291fe1000 1188       3       java.nio.ByteBuffer::arrayOffset (35 bytes)
Event: 5.926 Thread 0x000001a291fe1000 nmethod 1188 0x000001a2807b5e10 code [0x000001a2807b5fe0, 0x000001a2807b62b8]

GC Heap History (2 events):
Event: 0.741 GC heap before
{Heap before GC invocations=0 (full 0):
 garbage-first heap   total 194560K, used 29696K [0x0000000742c00000, 0x0000000800000000)
  region size 1024K, 24 young (24576K), 0 survivors (0K)
 Metaspace       used 11417K, capacity 11707K, committed 11904K, reserved 1060864K
  class space    used 1240K, capacity 1306K, committed 1408K, reserved 1048576K
}
Event: 0.745 GC heap after
{Heap after GC invocations=1 (full 0):
 garbage-first heap   total 194560K, used 8754K [0x0000000742c00000, 0x0000000800000000)
  region size 1024K, 3 young (3072K), 3 survivors (3072K)
 Metaspace       used 11417K, capacity 11707K, committed 11904K, reserved 1060864K
  class space    used 1240K, capacity 1306K, committed 1408K, reserved 1048576K
}

Deoptimization events (20 events):
Event: 0.658 Thread 0x000001a2f4d70000 Uncommon trap: trap_request=0xffffffde fr.pc=0x000001a287aecf94 relative=0x00000000000003f4
Event: 0.658 Thread 0x000001a2f4d70000 Uncommon trap: reason=class_check action=maybe_recompile pc=0x000001a287aecf94 method=java.util.regex.Matcher.match(II)Z @ 121 c2
Event: 0.658 Thread 0x000001a2f4d70000 DEOPT PACKING pc=0x000001a287aecf94 sp=0x00000022971fdb00
Event: 0.658 Thread 0x000001a2f4d70000 DEOPT UNPACKING pc=0x000001a280027b2f sp=0x00000022971fdaa8 mode 2
Event: 0.907 Thread 0x000001a2f4d70000 Uncommon trap: trap_request=0xffffff4d fr.pc=0x000001a287b1ac98 relative=0x00000000000001d8
Event: 0.907 Thread 0x000001a2f4d70000 Uncommon trap: reason=unstable_if action=reinterpret pc=0x000001a287b1ac98 method=java.util.HashMap.getNode(ILjava/lang/Object;)Ljava/util/HashMap$Node; @ 129 c2
Event: 0.907 Thread 0x000001a2f4d70000 DEOPT PACKING pc=0x000001a287b1ac98 sp=0x00000022971fb330
Event: 0.907 Thread 0x000001a2f4d70000 DEOPT UNPACKING pc=0x000001a280027b2f sp=0x00000022971fb230 mode 2
Event: 0.907 Thread 0x000001a2f4d70000 Uncommon trap: trap_request=0xffffff4d fr.pc=0x000001a287b04fe4 relative=0x0000000000000f44
Event: 0.907 Thread 0x000001a2f4d70000 Uncommon trap: reason=unstable_if action=reinterpret pc=0x000001a287b04fe4 method=java.util.HashMap.putVal(ILjava/lang/Object;Ljava/lang/Object;ZZ)Ljava/lang/Object; @ 206 c2
Event: 0.907 Thread 0x000001a2f4d70000 DEOPT PACKING pc=0x000001a287b04fe4 sp=0x00000022971fb2e0
Event: 0.907 Thread 0x000001a2f4d70000 DEOPT UNPACKING pc=0x000001a280027b2f sp=0x00000022971fb208 mode 2
Event: 0.908 Thread 0x000001a2f4d70000 DEOPT PACKING pc=0x000001a2806330ff sp=0x00000022971f9120
Event: 0.908 Thread 0x000001a2f4d70000 DEOPT UNPACKING pc=0x000001a28002794e sp=0x00000022971f8570 mode 0
Event: 1.566 Thread 0x000001a2f4d70000 DEOPT PACKING pc=0x000001a28066a2c0 sp=0x00000022971f98c0
Event: 1.566 Thread 0x000001a2f4d70000 DEOPT UNPACKING pc=0x000001a28002794e sp=0x00000022971f8dd8 mode 0
Event: 5.915 Thread 0x000001a2f4d70000 Uncommon trap: trap_request=0xffffff4d fr.pc=0x000001a287b31380 relative=0x00000000000001c0
Event: 5.915 Thread 0x000001a2f4d70000 Uncommon trap: reason=unstable_if action=reinterpret pc=0x000001a287b31380 method=com.esotericsoftware.kryo.io.Input.require(I)I @ 65 c2
Event: 5.915 Thread 0x000001a2f4d70000 DEOPT PACKING pc=0x000001a287b31380 sp=0x00000022971fce60
Event: 5.915 Thread 0x000001a2f4d70000 DEOPT UNPACKING pc=0x000001a280027b2f sp=0x00000022971fce10 mode 2

Classes redefined (0 events):
No events

Internal exceptions (10 events):
Event: 0.183 Thread 0x000001a2f4d70000 Exception <a 'java/lang/NoSuchMethodError'{0x000000074e89e258}: 'int java.lang.invoke.DirectMethodHandle$Holder.invokeSpecialIFC(java.lang.Object, java.lang.Object, int)'> (0x000000074e89e258) thrown at [./src/hotspot/share/interpreter/linkResolver.cpp, line 773]
Event: 0.284 Thread 0x000001a2f4d70000 Exception <a 'java/lang/NoSuchMethodError'{0x000000074e6724e8}: 'int java.lang.invoke.DirectMethodHandle$Holder.invokeStaticInit(java.lang.Object, java.lang.Object)'> (0x000000074e6724e8) thrown at [./src/hotspot/share/interpreter/linkResolver.cpp, line 773]
Event: 0.308 Thread 0x000001a2f4d70000 Exception <a 'java/lang/NoSuchMethodError'{0x000000074e52c6e0}: 'int java.lang.invoke.DirectMethodHandle$Holder.invokeSpecial(java.lang.Object, java.lang.Object, java.lang.Object, java.lang.Object)'> (0x000000074e52c6e0) thrown at [./src/hotspot/share/interpreter/linkResolver.cpp, line 773]
Event: 0.677 Thread 0x000001a2f4d70000 Exception <a 'java/lang/NoClassDefFoundError'{0x000000074d7ddef8}: org/slf4j/impl/StaticMarkerBinder> (0x000000074d7ddef8) thrown at [./src/hotspot/share/classfile/systemDictionary.cpp, line 220]
Event: 0.683 Thread 0x000001a2f4d70000 Exception <a 'java/lang/NoSuchMethodError'{0x000000074d6774e0}: 'java.lang.Object java.lang.invoke.DirectMethodHandle$Holder.invokeVirtual(java.lang.Object, java.lang.Object, java.lang.Object, java.lang.Object, java.lang.Object)'> (0x000000074d6774e0) thrown at [./src/hotspot/share/interpreter/linkResolver.cpp, line 773]
Event: 0.733 Thread 0x000001a2f4d70000 Exception <a 'java/lang/NoSuchMethodError'{0x000000074d272b58}: 'java.lang.Object java.lang.invoke.Invokers$Holder.invoker(java.lang.Object, java.lang.Object, java.lang.Object, java.lang.Object, java.lang.Object)'> (0x000000074d272b58) thrown at [./src/hotspot/share/interpreter/linkResolver.cpp, line 773]
Event: 0.735 Thread 0x000001a2f4d70000 Exception <a 'java/lang/NoSuchMethodError'{0x000000074d283a80}: 'void java.lang.invoke.DelegatingMethodHandle$Holder.delegate(java.lang.Object, java.lang.Object, int, java.lang.Object)'> (0x000000074d283a80) thrown at [./src/hotspot/share/interpreter/linkResolver.cpp, line 773]
Event: 0.850 Thread 0x000001a2f4d70000 Exception <a 'java/lang/NoSuchMethodError'{0x000000074e7f2df0}: 'java.lang.Object java.lang.invoke.DirectMethodHandle$Holder.invokeStaticInit(java.lang.Object, java.lang.Object, java.lang.Object)'> (0x000000074e7f2df0) thrown at [./src/hotspot/share/interpreter/linkResolver.cpp, line 773]
Event: 0.941 Thread 0x000001a2f4d70000 Exception <a 'java/lang/NoSuchMethodError'{0x000000074e2f41f0}: 'java.lang.Object java.lang.invoke.DirectMethodHandle$Holder.invokeStaticInit(java.lang.Object, int, int, int, int)'> (0x000000074e2f41f0) thrown at [./src/hotspot/share/interpreter/linkResolver.cpp, line 773]
Event: 1.224 Thread 0x000001a2f4d70000 Exception <a 'java/lang/NoSuchMethodError'{0x000000074e13b558}: 'java.lang.Object java.lang.invoke.DirectMethodHandle$Holder.invokeStaticInit(java.lang.Object, java.lang.Object, int, int, int, int)'> (0x000000074e13b558) thrown at [./src/hotspot/share/interpreter/linkResolver.cpp, line 773]

Events (20 events):
Event: 1.738 loading class jdk/internal/reflect/UTF8
Event: 1.738 loading class jdk/internal/reflect/UTF8 done
Event: 1.740 loading class jdk/internal/reflect/Label
Event: 1.740 loading class jdk/internal/reflect/Label done
Event: 1.740 loading class jdk/internal/reflect/Label$PatchInfo
Event: 1.740 loading class jdk/internal/reflect/Label$PatchInfo done
Event: 1.740 loading class jdk/internal/reflect/MethodAccessorGenerator$1
Event: 1.740 loading class jdk/internal/reflect/MethodAccessorGenerator$1 done
Event: 1.740 loading class jdk/internal/reflect/ClassDefiner
Event: 1.740 loading class jdk/internal/reflect/ClassDefiner done
Event: 1.740 loading class jdk/internal/reflect/ClassDefiner$1
Event: 1.741 loading class jdk/internal/reflect/ClassDefiner$1 done
Event: 5.786 loading class com/google/common/collect/CollectPreconditions
Event: 5.786 loading class com/google/common/collect/CollectPreconditions done
Event: 5.786 loading class org/gradle/internal/logging/events/StyledTextOutputEvent$Span
Event: 5.786 loading class org/gradle/internal/logging/events/StyledTextOutputEvent$Span done
Event: 5.787 loading class org/gradle/internal/logging/events/operations/StyledTextBuildOperationProgressDetails$Span
Event: 5.787 loading class org/gradle/internal/logging/events/operations/StyledTextBuildOperationProgressDetails$Span done
Event: 5.816 loading class org/gradle/internal/logging/text/AbstractLineChoppingStyledTextOutput$StateContext
Event: 5.816 loading class org/gradle/internal/logging/text/AbstractLineChoppingStyledTextOutput$StateContext done


Dynamic libraries:
0x00007ff7429e0000 - 0x00007ff7429ea000 	D:\Program Files\Android Studio\jre\bin\java.exe
0x00007ff9fdc80000 - 0x00007ff9fde89000 	C:\WINDOWS\SYSTEM32\ntdll.dll
0x00007ff9fc7d0000 - 0x00007ff9fc88d000 	C:\WINDOWS\System32\KERNEL32.DLL
0x00007ff9fb170000 - 0x00007ff9fb4e4000 	C:\WINDOWS\System32\KERNELBASE.dll
0x00007ff9fb980000 - 0x00007ff9fba91000 	C:\WINDOWS\System32\ucrtbase.dll
0x00007ff9d7930000 - 0x00007ff9d7949000 	D:\Program Files\Android Studio\jre\bin\jli.dll
0x00007ff9db880000 - 0x00007ff9db897000 	D:\Program Files\Android Studio\jre\bin\VCRUNTIME140.dll
0x00007ff9fbde0000 - 0x00007ff9fbf8c000 	C:\WINDOWS\System32\USER32.dll
0x00007ff9e22f0000 - 0x00007ff9e2595000 	C:\WINDOWS\WinSxS\amd64_microsoft.windows.common-controls_6595b64144ccf1df_6.0.22000.120_none_9d947278b86cc467\COMCTL32.dll
0x00007ff9fb720000 - 0x00007ff9fb746000 	C:\WINDOWS\System32\win32u.dll
0x00007ff9fc9c0000 - 0x00007ff9fca63000 	C:\WINDOWS\System32\msvcrt.dll
0x00007ff9fd510000 - 0x00007ff9fd539000 	C:\WINDOWS\System32\GDI32.dll
0x00007ff9fb750000 - 0x00007ff9fb862000 	C:\WINDOWS\System32\gdi32full.dll
0x00007ff9fb8e0000 - 0x00007ff9fb97d000 	C:\WINDOWS\System32\msvcp_win.dll
0x00007ff9fc700000 - 0x00007ff9fc731000 	C:\WINDOWS\System32\IMM32.DLL
0x00007ff9b6c80000 - 0x00007ff9b6d1d000 	D:\Program Files\Android Studio\jre\bin\msvcp140.dll
0x00007ff96cdc0000 - 0x00007ff96d88f000 	D:\Program Files\Android Studio\jre\bin\server\jvm.dll
0x00007ff9fca80000 - 0x00007ff9fcb2e000 	C:\WINDOWS\System32\ADVAPI32.dll
0x00007ff9fc890000 - 0x00007ff9fc92e000 	C:\WINDOWS\System32\sechost.dll
0x00007ff9fbb20000 - 0x00007ff9fbc40000 	C:\WINDOWS\System32\RPCRT4.dll
0x00007ff9fca70000 - 0x00007ff9fca78000 	C:\WINDOWS\System32\PSAPI.DLL
0x00007ff9cb5e0000 - 0x00007ff9cb5e9000 	C:\WINDOWS\SYSTEM32\WSOCK32.dll
0x00007ff9f35d0000 - 0x00007ff9f35da000 	C:\WINDOWS\SYSTEM32\VERSION.dll
0x00007ff9d94a0000 - 0x00007ff9d94d3000 	C:\WINDOWS\SYSTEM32\WINMM.dll
0x00007ff9fc950000 - 0x00007ff9fc9bf000 	C:\WINDOWS\System32\WS2_32.dll
0x00007ff9fa360000 - 0x00007ff9fa378000 	C:\WINDOWS\SYSTEM32\kernel.appcore.dll
0x00007ff9e6ff0000 - 0x00007ff9e7001000 	D:\Program Files\Android Studio\jre\bin\verify.dll
0x00007ff9e8a60000 - 0x00007ff9e8c81000 	C:\WINDOWS\SYSTEM32\DBGHELP.DLL
0x00007ff9e89f0000 - 0x00007ff9e8a21000 	C:\WINDOWS\SYSTEM32\dbgcore.DLL
0x00007ff9fbaa0000 - 0x00007ff9fbb1f000 	C:\WINDOWS\System32\bcryptPrimitives.dll
0x00007ff9db320000 - 0x00007ff9db349000 	D:\Program Files\Android Studio\jre\bin\java.dll
0x00007ff9e8960000 - 0x00007ff9e896b000 	D:\Program Files\Android Studio\jre\bin\jimage.dll
0x00007ff9e6ef0000 - 0x00007ff9e6f08000 	D:\Program Files\Android Studio\jre\bin\zip.dll
0x00007ff9fcd40000 - 0x00007ff9fd4ef000 	C:\WINDOWS\System32\SHELL32.dll
0x00007ff9f92c0000 - 0x00007ff9f9b28000 	C:\WINDOWS\SYSTEM32\windows.storage.dll
0x00007ff9fbf90000 - 0x00007ff9fc308000 	C:\WINDOWS\System32\combase.dll
0x00007ff9f9150000 - 0x00007ff9f92b6000 	C:\WINDOWS\SYSTEM32\wintypes.dll
0x00007ff9fd540000 - 0x00007ff9fd62a000 	C:\WINDOWS\System32\SHCORE.dll
0x00007ff9fcce0000 - 0x00007ff9fcd3d000 	C:\WINDOWS\System32\shlwapi.dll
0x00007ff9fb0a0000 - 0x00007ff9fb0c1000 	C:\WINDOWS\SYSTEM32\profapi.dll
0x00007ff9e6d90000 - 0x00007ff9e6daa000 	D:\Program Files\Android Studio\jre\bin\net.dll
0x00007ff9f55d0000 - 0x00007ff9f56dc000 	C:\WINDOWS\SYSTEM32\WINHTTP.dll
0x00007ff9fa790000 - 0x00007ff9fa7f7000 	C:\WINDOWS\system32\mswsock.dll
0x00007ff9db300000 - 0x00007ff9db314000 	D:\Program Files\Android Studio\jre\bin\nio.dll
0x00007ff9bb230000 - 0x00007ff9bb257000 	C:\Users\hp\.gradle\native\fdc75f09e3144964f2cf3f50f0aa648679c211496f362492102eb8c894070792\windows-amd64\native-platform.dll
0x00007ff9adc10000 - 0x00007ff9adda6000 	C:\Users\hp\.gradle\native\12488b8bf47d2d4c9fbf2f6322a914ad602e24e48041cd04a747c6da556b65c4\windows-amd64\native-platform-file-events.dll
0x00007ff9e8940000 - 0x00007ff9e894a000 	D:\Program Files\Android Studio\jre\bin\management.dll
0x00007ff9e7c20000 - 0x00007ff9e7c2c000 	D:\Program Files\Android Studio\jre\bin\management_ext.dll
0x00007ff9fa9d0000 - 0x00007ff9fa9e8000 	C:\WINDOWS\SYSTEM32\CRYPTSP.dll
0x00007ff9fa2c0000 - 0x00007ff9fa2f5000 	C:\WINDOWS\system32\rsaenh.dll
0x00007ff9fa880000 - 0x00007ff9fa8a9000 	C:\WINDOWS\SYSTEM32\USERENV.dll
0x00007ff9fab50000 - 0x00007ff9fab77000 	C:\WINDOWS\SYSTEM32\bcrypt.dll
0x00007ff9fa9f0000 - 0x00007ff9fa9fc000 	C:\WINDOWS\SYSTEM32\CRYPTBASE.dll
0x00007ff9f9e60000 - 0x00007ff9f9e8d000 	C:\WINDOWS\SYSTEM32\IPHLPAPI.DLL
0x00007ff9fcb90000 - 0x00007ff9fcb99000 	C:\WINDOWS\System32\NSI.dll
0x00007ff9f55b0000 - 0x00007ff9f55c9000 	C:\WINDOWS\SYSTEM32\dhcpcsvc6.DLL
0x00007ff9f5b00000 - 0x00007ff9f5b1e000 	C:\WINDOWS\SYSTEM32\dhcpcsvc.DLL
0x00007ff9f9ed0000 - 0x00007ff9f9fb8000 	C:\WINDOWS\SYSTEM32\DNSAPI.dll
0x00007ff9f56e0000 - 0x00007ff9f56ec000 	C:\WINDOWS\SYSTEM32\WINNSI.DLL

dbghelp: loaded successfully - version: 4.0.5 - missing functions: none
symbol engine: initialized successfully - sym options: 0x614 - pdb path: .;D:\Program Files\Android Studio\jre\bin;C:\WINDOWS\SYSTEM32;C:\WINDOWS\WinSxS\amd64_microsoft.windows.common-controls_6595b64144ccf1df_6.0.22000.120_none_9d947278b86cc467;D:\Program Files\Android Studio\jre\bin\server;C:\Users\hp\.gradle\native\fdc75f09e3144964f2cf3f50f0aa648679c211496f362492102eb8c894070792\windows-amd64;C:\Users\hp\.gradle\native\12488b8bf47d2d4c9fbf2f6322a914ad602e24e48041cd04a747c6da556b65c4\windows-amd64

VM Arguments:
jvm_args: -Dorg.gradle.appname=gradlew 
java_command: org.gradle.wrapper.GradleWrapperMain -q -Ptarget-platform=android-x86 -Ptarget=C:\Users\hp\AndroidStudioProjects\Guitarista-master\lib\main.dart -Pbase-application-name=android.app.Application -Pdart-defines=Zmx1dHRlci5pbnNwZWN0b3Iuc3RydWN0dXJlZEVycm9ycz10cnVl,RkxVVFRFUl9XRUJfQVVUT19ERVRFQ1Q9dHJ1ZQ== -Pdart-obfuscation=false -Ptrack-widget-creation=true -Ptree-shake-icons=false -Pfilesystem-scheme=org-dartlang-root assembleDebug
java_class_path (initial): C:\Users\hp\AndroidStudioProjects\Guitarista-master\android\\gradle\wrapper\gradle-wrapper.jar
Launcher Type: SUN_STANDARD

[Global flags]
     intx CICompilerCount                          = 4                                         {product} {ergonomic}
     uint ConcGCThreads                            = 2                                         {product} {ergonomic}
     uint G1ConcRefinementThreads                  = 8                                         {product} {ergonomic}
   size_t G1HeapRegionSize                         = 1048576                                   {product} {ergonomic}
    uintx GCDrainStackTargetSize                   = 64                                        {product} {ergonomic}
   size_t InitialHeapSize                          = 199229440                                 {product} {ergonomic}
   size_t MarkStackSize                            = 4194304                                   {product} {ergonomic}
   size_t MaxHeapSize                              = 3175088128                                {product} {ergonomic}
   size_t MaxNewSize                               = 1904214016                                {product} {ergonomic}
   size_t MinHeapDeltaBytes                        = 1048576                                   {product} {ergonomic}
    uintx NonNMethodCodeHeapSize                   = 5836300                                {pd product} {ergonomic}
    uintx NonProfiledCodeHeapSize                  = 122910970                              {pd product} {ergonomic}
    uintx ProfiledCodeHeapSize                     = 122910970                              {pd product} {ergonomic}
    uintx ReservedCodeCacheSize                    = 251658240                              {pd product} {ergonomic}
     bool SegmentedCodeCache                       = true                                      {product} {ergonomic}
     bool UseCompressedClassPointers               = true                                 {lp64_product} {ergonomic}
     bool UseCompressedOops                        = true                                 {lp64_product} {ergonomic}
     bool UseG1GC                                  = true                                      {product} {ergonomic}
     bool UseLargePagesIndividualAllocation        = false                                  {pd product} {ergonomic}

Logging:
Log output configuration:
 #0: stdout all=warning uptime,level,tags
 #1: stderr all=off uptime,level,tags

Environment Variables:
JAVA_HOME=D:\Program Files\Android Studio\jre
CLASSPATH=C:\Users\hp\AndroidStudioProjects\Guitarista-master\android\\gradle\wrapper\gradle-wrapper.jar
PATH=C:\Program Files (x86)\Common Files\Intel\Shared Libraries\redist\intel64\compiler;C:\WINDOWS\system32;C:\WINDOWS;C:\WINDOWS\System32\Wbem;C:\WINDOWS\System32\WindowsPowerShell\v1.0\;C:\WINDOWS\System32\OpenSSH\;C:\Program Files\Intel\WiFi\bin\;C:\Program Files\Common Files\Intel\WirelessCommon\;C:\MinGW\bin;D:\polyspace\runtime\win64;D:\polyspace\bin;D:\polyspace\polyspace\bin;C:\Program Files\dotnet\;C:\Program Files\NVIDIA Corporation\NVIDIA NvDLISR;D:\Programs\Node js\;C:\Users\hp\AppData\Local\Microsoft\WindowsApps;D:\flutter\Microsoft VS Code\bin;D:\SDK\DART\dart-sdk\bin;D:\SDK\flutter\bin;C:\Users\hp\AppData\Local\Android\Sdk;C:\Users\hp\AppData\Roaming\npm;D:\SDK\flutter\bin\mingit\cmd
USERNAME=hp
OS=Windows_NT
PROCESSOR_IDENTIFIER=Intel64 Family 6 Model 142 Stepping 11, GenuineIntel



---------------  S Y S T E M  ---------------

OS: Windows 10 , 64 bit Build 22000 (10.0.22000.434)
OS uptime: 1 days 2:14 hours

CPU:total 8 (initial active 8) (4 cores per cpu, 2 threads per core) family 6 model 142 stepping 11 microcode 0xde, cmov, cx8, fxsr, mmx, sse, sse2, sse3, ssse3, sse4.1, sse4.2, popcnt, avx, avx2, aes, clmul, erms, 3dnowpref, lzcnt, ht, tsc, tscinvbit, bmi1, bmi2, adx, fma

Memory: 4k page, system-wide physical 12109M (833M free)
TotalPageFile size 24173M (AvailPageFile size 443M)
current process WorkingSet (physical memory assigned to process): 95M, peak: 97M
current process commit charge ("private bytes"): 289M, peak: 291M

vm_info: OpenJDK 64-Bit Server VM (11.0.10+0-b96-7249189) for windows-amd64 JRE (11.0.10+0-b96-7249189), built on Mar 31 2021 21:44:00 by "builder" with MS VC++ 14.0 (VS2015)

END.
